{"C:\\Work\\HomeCastle\\BusyBees\\app\\src\\App.tsx": {"path":"C:\\Work\\HomeCastle\\BusyBees\\app\\src\\App.tsx","statementMap":{"0":{"start":{"line":12,"column":6},"end":{"line":40,"column":null}},"1":{"start":{"line":13,"column":10},"end":{"line":13,"column":28}},"2":{"start":{"line":14,"column":24},"end":{"line":14,"column":52}},"3":{"start":{"line":16,"column":20},"end":{"line":16,"column":null}},"4":{"start":{"line":17,"column":2},"end":{"line":25,"column":null}},"5":{"start":{"line":18,"column":4},"end":{"line":18,"column":null}},"6":{"start":{"line":19,"column":13},"end":{"line":25,"column":null}},"7":{"start":{"line":20,"column":4},"end":{"line":20,"column":null}},"8":{"start":{"line":21,"column":13},"end":{"line":25,"column":null}},"9":{"start":{"line":22,"column":21},"end":{"line":22,"column":null}},"10":{"start":{"line":23,"column":4},"end":{"line":23,"column":null}},"11":{"start":{"line":24,"column":13},"end":{"line":25,"column":null}},"12":{"start":{"line":25,"column":4},"end":{"line":25,"column":null}},"13":{"start":{"line":28,"column":2},"end":{"line":40,"column":null}},"14":{"start":{"line":46,"column":6},"end":{"line":59,"column":null}},"15":{"start":{"line":47,"column":2},"end":{"line":59,"column":null}},"16":{"start":{"line":65,"column":6},"end":{"line":104,"column":null}},"17":{"start":{"line":66,"column":10},"end":{"line":66,"column":31}},"18":{"start":{"line":67,"column":10},"end":{"line":67,"column":38}},"19":{"start":{"line":68,"column":8},"end":{"line":68,"column":32}},"20":{"start":{"line":70,"column":2},"end":{"line":104,"column":null}},"21":{"start":{"line":82,"column":27},"end":{"line":82,"column":56}},"22":{"start":{"line":100,"column":23},"end":{"line":100,"column":32}},"23":{"start":{"line":109,"column":6},"end":{"line":138,"column":null}},"24":{"start":{"line":110,"column":41},"end":{"line":110,"column":74}},"25":{"start":{"line":112,"column":2},"end":{"line":116,"column":null}},"26":{"start":{"line":113,"column":4},"end":{"line":116,"column":null}},"27":{"start":{"line":121,"column":2},"end":{"line":122,"column":null}},"28":{"start":{"line":122,"column":4},"end":{"line":122,"column":null}},"29":{"start":{"line":126,"column":2},"end":{"line":127,"column":null}},"30":{"start":{"line":127,"column":4},"end":{"line":127,"column":null}},"31":{"start":{"line":130,"column":2},"end":{"line":138,"column":null}},"32":{"start":{"line":143,"column":6},"end":{"line":162,"column":null}},"33":{"start":{"line":144,"column":19},"end":{"line":144,"column":42}},"34":{"start":{"line":146,"column":2},"end":{"line":150,"column":null}},"35":{"start":{"line":147,"column":4},"end":{"line":150,"column":null}},"36":{"start":{"line":155,"column":2},"end":{"line":156,"column":null}},"37":{"start":{"line":156,"column":4},"end":{"line":156,"column":null}},"38":{"start":{"line":159,"column":2},"end":{"line":162,"column":null}},"39":{"start":{"line":167,"column":2},"end":{"line":170,"column":null}}},"fnMap":{"0":{"name":"(anonymous_0)","decl":{"start":{"line":12,"column":6},"end":{"line":12,"column":24}},"loc":{"start":{"line":12,"column":24},"end":{"line":40,"column":null}},"line":12},"1":{"name":"(anonymous_1)","decl":{"start":{"line":46,"column":6},"end":{"line":46,"column":null}},"loc":{"start":{"line":47,"column":2},"end":{"line":59,"column":null}},"line":47},"2":{"name":"(anonymous_2)","decl":{"start":{"line":65,"column":6},"end":{"line":65,"column":23}},"loc":{"start":{"line":65,"column":23},"end":{"line":104,"column":null}},"line":65},"3":{"name":"(anonymous_3)","decl":{"start":{"line":82,"column":12},"end":{"line":82,"column":27}},"loc":{"start":{"line":82,"column":27},"end":{"line":82,"column":56}},"line":82},"4":{"name":"(anonymous_4)","decl":{"start":{"line":100,"column":8},"end":{"line":100,"column":23}},"loc":{"start":{"line":100,"column":23},"end":{"line":100,"column":32}},"line":100},"5":{"name":"(anonymous_5)","decl":{"start":{"line":109,"column":6},"end":{"line":109,"column":31}},"loc":{"start":{"line":109,"column":31},"end":{"line":138,"column":null}},"line":109},"6":{"name":"(anonymous_6)","decl":{"start":{"line":143,"column":6},"end":{"line":143,"column":27}},"loc":{"start":{"line":143,"column":27},"end":{"line":162,"column":null}},"line":143},"7":{"name":"App","decl":{"start":{"line":166,"column":9},"end":{"line":166,"column":15}},"loc":{"start":{"line":166,"column":15},"end":{"line":170,"column":null}},"line":166}},"branchMap":{"0":{"loc":{"start":{"line":17,"column":2},"end":{"line":25,"column":null}},"type":"if","locations":[{"start":{"line":17,"column":2},"end":{"line":25,"column":null}},{"start":{"line":19,"column":13},"end":{"line":25,"column":null}}],"line":17},"1":{"loc":{"start":{"line":19,"column":13},"end":{"line":25,"column":null}},"type":"if","locations":[{"start":{"line":19,"column":13},"end":{"line":25,"column":null}},{"start":{"line":21,"column":13},"end":{"line":25,"column":null}}],"line":19},"2":{"loc":{"start":{"line":21,"column":13},"end":{"line":25,"column":null}},"type":"if","locations":[{"start":{"line":21,"column":13},"end":{"line":25,"column":null}},{"start":{"line":24,"column":13},"end":{"line":25,"column":null}}],"line":21},"3":{"loc":{"start":{"line":21,"column":13},"end":{"line":21,"column":74}},"type":"binary-expr","locations":[{"start":{"line":21,"column":13},"end":{"line":21,"column":47}},{"start":{"line":21,"column":47},"end":{"line":21,"column":74}}],"line":21},"4":{"loc":{"start":{"line":22,"column":21},"end":{"line":22,"column":null}},"type":"binary-expr","locations":[{"start":{"line":22,"column":21},"end":{"line":22,"column":53}},{"start":{"line":22,"column":53},"end":{"line":22,"column":null}}],"line":22},"5":{"loc":{"start":{"line":24,"column":13},"end":{"line":25,"column":null}},"type":"if","locations":[{"start":{"line":24,"column":13},"end":{"line":25,"column":null}},{"start":{},"end":{}}],"line":24},"6":{"loc":{"start":{"line":32,"column":84},"end":{"line":32,"column":110}},"type":"binary-expr","locations":[{"start":{"line":32,"column":84},"end":{"line":32,"column":106}},{"start":{"line":32,"column":106},"end":{"line":32,"column":110}}],"line":32},"7":{"loc":{"start":{"line":32,"column":110},"end":{"line":32,"column":148}},"type":"cond-expr","locations":[{"start":{"line":32,"column":124},"end":{"line":32,"column":145}},{"start":{"line":32,"column":145},"end":{"line":32,"column":148}}],"line":32},"8":{"loc":{"start":{"line":74,"column":70},"end":{"line":74,"column":95}},"type":"binary-expr","locations":[{"start":{"line":74,"column":70},"end":{"line":74,"column":92}},{"start":{"line":74,"column":92},"end":{"line":74,"column":95}}],"line":74},"9":{"loc":{"start":{"line":112,"column":2},"end":{"line":116,"column":null}},"type":"if","locations":[{"start":{"line":112,"column":2},"end":{"line":116,"column":null}},{"start":{},"end":{}}],"line":112},"10":{"loc":{"start":{"line":121,"column":2},"end":{"line":122,"column":null}},"type":"if","locations":[{"start":{"line":121,"column":2},"end":{"line":122,"column":null}},{"start":{},"end":{}}],"line":121},"11":{"loc":{"start":{"line":126,"column":2},"end":{"line":127,"column":null}},"type":"if","locations":[{"start":{"line":126,"column":2},"end":{"line":127,"column":null}},{"start":{},"end":{}}],"line":126},"12":{"loc":{"start":{"line":146,"column":2},"end":{"line":150,"column":null}},"type":"if","locations":[{"start":{"line":146,"column":2},"end":{"line":150,"column":null}},{"start":{},"end":{}}],"line":146},"13":{"loc":{"start":{"line":155,"column":2},"end":{"line":156,"column":null}},"type":"if","locations":[{"start":{"line":155,"column":2},"end":{"line":156,"column":null}},{"start":{},"end":{}}],"line":155}},"s":{"0":1,"1":0,"2":0,"3":0,"4":0,"5":0,"6":0,"7":0,"8":0,"9":0,"10":0,"11":0,"12":0,"13":0,"14":1,"15":0,"16":1,"17":0,"18":0,"19":0,"20":0,"21":0,"22":0,"23":1,"24":0,"25":0,"26":0,"27":0,"28":0,"29":0,"30":0,"31":0,"32":1,"33":1,"34":1,"35":1,"36":0,"37":0,"38":0,"39":1},"f":{"0":0,"1":0,"2":0,"3":0,"4":0,"5":0,"6":1,"7":1},"b":{"0":[0,0],"1":[0,0],"2":[0,0],"3":[0,0],"4":[0,0],"5":[0,0],"6":[0,0],"7":[0,0],"8":[0,0],"9":[0,0],"10":[0,0],"11":[0,0],"12":[1,0],"13":[0,0]},"meta":{"lastBranch":14,"lastFunction":8,"lastStatement":40,"seen":{"s:12:6:40:Infinity":0,"f:12:6:12:24":0,"s:13:10:13:28":1,"s:14:24:14:52":2,"s:16:20:16:Infinity":3,"b:17:2:25:Infinity:19:13:25:Infinity":0,"s:17:2:25:Infinity":4,"s:18:4:18:Infinity":5,"b:19:13:25:Infinity:21:13:25:Infinity":1,"s:19:13:25:Infinity":6,"s:20:4:20:Infinity":7,"b:21:13:25:Infinity:24:13:25:Infinity":2,"s:21:13:25:Infinity":8,"b:21:13:21:47:21:47:21:74":3,"s:22:21:22:Infinity":9,"b:22:21:22:53:22:53:22:Infinity":4,"s:23:4:23:Infinity":10,"b:24:13:25:Infinity:undefined:undefined:undefined:undefined":5,"s:24:13:25:Infinity":11,"s:25:4:25:Infinity":12,"s:28:2:40:Infinity":13,"b:32:84:32:106:32:106:32:110":6,"b:32:124:32:145:32:145:32:148":7,"s:46:6:59:Infinity":14,"f:46:6:46:Infinity":1,"s:47:2:59:Infinity":15,"s:65:6:104:Infinity":16,"f:65:6:65:23":2,"s:66:10:66:31":17,"s:67:10:67:38":18,"s:68:8:68:32":19,"s:70:2:104:Infinity":20,"b:74:70:74:92:74:92:74:95":8,"f:82:12:82:27":3,"s:82:27:82:56":21,"f:100:8:100:23":4,"s:100:23:100:32":22,"s:109:6:138:Infinity":23,"f:109:6:109:31":5,"s:110:41:110:74":24,"b:112:2:116:Infinity:undefined:undefined:undefined:undefined":9,"s:112:2:116:Infinity":25,"s:113:4:116:Infinity":26,"b:121:2:122:Infinity:undefined:undefined:undefined:undefined":10,"s:121:2:122:Infinity":27,"s:122:4:122:Infinity":28,"b:126:2:127:Infinity:undefined:undefined:undefined:undefined":11,"s:126:2:127:Infinity":29,"s:127:4:127:Infinity":30,"s:130:2:138:Infinity":31,"s:143:6:162:Infinity":32,"f:143:6:143:27":6,"s:144:19:144:42":33,"b:146:2:150:Infinity:undefined:undefined:undefined:undefined":12,"s:146:2:150:Infinity":34,"s:147:4:150:Infinity":35,"b:155:2:156:Infinity:undefined:undefined:undefined:undefined":13,"s:155:2:156:Infinity":36,"s:156:4:156:Infinity":37,"s:159:2:162:Infinity":38,"f:166:9:166:15":7,"s:167:2:170:Infinity":39}}}
,"C:\\Work\\HomeCastle\\BusyBees\\app\\src\\components\\AuthProvider.tsx": {"path":"C:\\Work\\HomeCastle\\BusyBees\\app\\src\\components\\AuthProvider.tsx","statementMap":{"0":{"start":{"line":13,"column":6},"end":{"line":13,"column":73}},"1":{"start":{"line":16,"column":18},"end":{"line":16,"column":62}},"2":{"start":{"line":17,"column":15},"end":{"line":17,"column":53}},"3":{"start":{"line":18,"column":20},"end":{"line":18,"column":50}},"4":{"start":{"line":20,"column":2},"end":{"line":38,"column":null}},"5":{"start":{"line":22,"column":4},"end":{"line":26,"column":null}},"6":{"start":{"line":23,"column":6},"end":{"line":23,"column":null}},"7":{"start":{"line":24,"column":6},"end":{"line":24,"column":null}},"8":{"start":{"line":25,"column":6},"end":{"line":25,"column":null}},"9":{"start":{"line":29,"column":39},"end":{"line":35,"column":null}},"10":{"start":{"line":31,"column":8},"end":{"line":31,"column":null}},"11":{"start":{"line":32,"column":8},"end":{"line":32,"column":null}},"12":{"start":{"line":33,"column":8},"end":{"line":33,"column":null}},"13":{"start":{"line":37,"column":4},"end":{"line":37,"column":null}},"14":{"start":{"line":37,"column":17},"end":{"line":37,"column":43}},"15":{"start":{"line":40,"column":18},"end":{"line":41,"column":null}},"16":{"start":{"line":41,"column":4},"end":{"line":41,"column":null}},"17":{"start":{"line":44,"column":2},"end":{"line":47,"column":null}},"18":{"start":{"line":52,"column":8},"end":{"line":52,"column":41}},"19":{"start":{"line":53,"column":2},"end":{"line":54,"column":null}},"20":{"start":{"line":54,"column":4},"end":{"line":54,"column":null}},"21":{"start":{"line":56,"column":2},"end":{"line":56,"column":null}}},"fnMap":{"0":{"name":"AuthProvider","decl":{"start":{"line":15,"column":16},"end":{"line":15,"column":29}},"loc":{"start":{"line":15,"column":68},"end":{"line":47,"column":null}},"line":15},"1":{"name":"(anonymous_1)","decl":{"start":{"line":20,"column":2},"end":{"line":20,"column":18}},"loc":{"start":{"line":20,"column":18},"end":{"line":38,"column":7}},"line":20},"2":{"name":"(anonymous_2)","decl":{"start":{"line":22,"column":31},"end":{"line":22,"column":37}},"loc":{"start":{"line":22,"column":63},"end":{"line":26,"column":null}},"line":22},"3":{"name":"(anonymous_3)","decl":{"start":{"line":29,"column":53},"end":{"line":29,"column":null}},"loc":{"start":{"line":30,"column":27},"end":{"line":35,"column":null}},"line":30},"4":{"name":"(anonymous_4)","decl":{"start":{"line":37,"column":4},"end":{"line":37,"column":17}},"loc":{"start":{"line":37,"column":17},"end":{"line":37,"column":43}},"line":37},"5":{"name":"(anonymous_5)","decl":{"start":{"line":40,"column":18},"end":{"line":40,"column":30}},"loc":{"start":{"line":40,"column":30},"end":{"line":41,"column":null}},"line":40},"6":{"name":"useAuth","decl":{"start":{"line":51,"column":16},"end":{"line":51,"column":26}},"loc":{"start":{"line":51,"column":26},"end":{"line":56,"column":null}},"line":51}},"branchMap":{"0":{"loc":{"start":{"line":24,"column":14},"end":{"line":24,"column":36}},"type":"binary-expr","locations":[{"start":{"line":24,"column":14},"end":{"line":24,"column":31}},{"start":{"line":24,"column":31},"end":{"line":24,"column":36}}],"line":24},"1":{"loc":{"start":{"line":32,"column":16},"end":{"line":32,"column":38}},"type":"binary-expr","locations":[{"start":{"line":32,"column":16},"end":{"line":32,"column":33}},{"start":{"line":32,"column":33},"end":{"line":32,"column":38}}],"line":32},"2":{"loc":{"start":{"line":53,"column":2},"end":{"line":54,"column":null}},"type":"if","locations":[{"start":{"line":53,"column":2},"end":{"line":54,"column":null}},{"start":{},"end":{}}],"line":53}},"s":{"0":1,"1":1,"2":1,"3":1,"4":1,"5":1,"6":1,"7":1,"8":1,"9":1,"10":0,"11":0,"12":0,"13":1,"14":1,"15":1,"16":0,"17":1,"18":1,"19":1,"20":0,"21":1},"f":{"0":1,"1":1,"2":1,"3":0,"4":1,"5":0,"6":1},"b":{"0":[1,1],"1":[0,0],"2":[0,1]},"meta":{"lastBranch":3,"lastFunction":7,"lastStatement":22,"seen":{"s:13:6:13:73":0,"f:15:16:15:29":0,"s:16:18:16:62":1,"s:17:15:17:53":2,"s:18:20:18:50":3,"s:20:2:38:Infinity":4,"f:20:2:20:18":1,"s:22:4:26:Infinity":5,"f:22:31:22:37":2,"s:23:6:23:Infinity":6,"s:24:6:24:Infinity":7,"b:24:14:24:31:24:31:24:36":0,"s:25:6:25:Infinity":8,"s:29:39:35:Infinity":9,"f:29:53:29:Infinity":3,"s:31:8:31:Infinity":10,"s:32:8:32:Infinity":11,"b:32:16:32:33:32:33:32:38":1,"s:33:8:33:Infinity":12,"s:37:4:37:Infinity":13,"f:37:4:37:17":4,"s:37:17:37:43":14,"s:40:18:41:Infinity":15,"f:40:18:40:30":5,"s:41:4:41:Infinity":16,"s:44:2:47:Infinity":17,"f:51:16:51:26":6,"s:52:8:52:41":18,"b:53:2:54:Infinity:undefined:undefined:undefined:undefined":2,"s:53:2:54:Infinity":19,"s:54:4:54:Infinity":20,"s:56:2:56:Infinity":21}}}
,"C:\\Work\\HomeCastle\\BusyBees\\app\\src\\components\\CreateFamilyScreen.tsx": {"path":"C:\\Work\\HomeCastle\\BusyBees\\app\\src\\components\\CreateFamilyScreen.tsx","statementMap":{"0":{"start":{"line":7,"column":10},"end":{"line":7,"column":31}},"1":{"start":{"line":8,"column":10},"end":{"line":8,"column":41}},"2":{"start":{"line":10,"column":15},"end":{"line":10,"column":63}},"3":{"start":{"line":13,"column":21},"end":{"line":13,"column":50}},"4":{"start":{"line":15,"column":19},"end":{"line":15,"column":46}},"5":{"start":{"line":17,"column":23},"end":{"line":17,"column":57}},"6":{"start":{"line":18,"column":16},"end":{"line":18,"column":40}},"7":{"start":{"line":20,"column":23},"end":{"line":59,"column":null}},"8":{"start":{"line":21,"column":4},"end":{"line":21,"column":null}},"9":{"start":{"line":22,"column":4},"end":{"line":22,"column":null}},"10":{"start":{"line":22,"column":50},"end":{"line":22,"column":null}},"11":{"start":{"line":24,"column":4},"end":{"line":24,"column":null}},"12":{"start":{"line":25,"column":4},"end":{"line":25,"column":null}},"13":{"start":{"line":27,"column":4},"end":{"line":59,"column":null}},"14":{"start":{"line":29,"column":55},"end":{"line":36,"column":17}},"15":{"start":{"line":38,"column":6},"end":{"line":38,"column":null}},"16":{"start":{"line":38,"column":23},"end":{"line":38,"column":null}},"17":{"start":{"line":41,"column":37},"end":{"line":48,"column":11}},"18":{"start":{"line":50,"column":6},"end":{"line":50,"column":null}},"19":{"start":{"line":50,"column":23},"end":{"line":50,"column":null}},"20":{"start":{"line":53,"column":6},"end":{"line":53,"column":null}},"21":{"start":{"line":56,"column":6},"end":{"line":56,"column":null}},"22":{"start":{"line":57,"column":6},"end":{"line":57,"column":null}},"23":{"start":{"line":59,"column":6},"end":{"line":59,"column":null}},"24":{"start":{"line":63,"column":21},"end":{"line":83,"column":null}},"25":{"start":{"line":64,"column":4},"end":{"line":64,"column":null}},"26":{"start":{"line":65,"column":4},"end":{"line":65,"column":null}},"27":{"start":{"line":65,"column":48},"end":{"line":65,"column":null}},"28":{"start":{"line":67,"column":4},"end":{"line":67,"column":null}},"29":{"start":{"line":68,"column":4},"end":{"line":68,"column":null}},"30":{"start":{"line":70,"column":4},"end":{"line":83,"column":null}},"31":{"start":{"line":71,"column":35},"end":{"line":73,"column":8}},"32":{"start":{"line":75,"column":6},"end":{"line":75,"column":null}},"33":{"start":{"line":75,"column":21},"end":{"line":75,"column":null}},"34":{"start":{"line":77,"column":6},"end":{"line":77,"column":null}},"35":{"start":{"line":80,"column":6},"end":{"line":80,"column":null}},"36":{"start":{"line":81,"column":6},"end":{"line":81,"column":null}},"37":{"start":{"line":83,"column":6},"end":{"line":83,"column":null}},"38":{"start":{"line":87,"column":2},"end":{"line":173,"column":null}},"39":{"start":{"line":111,"column":29},"end":{"line":111,"column":48}},"40":{"start":{"line":111,"column":48},"end":{"line":111,"column":null}},"41":{"start":{"line":117,"column":29},"end":{"line":117,"column":46}},"42":{"start":{"line":117,"column":46},"end":{"line":117,"column":null}},"43":{"start":{"line":131,"column":33},"end":{"line":131,"column":62}},"44":{"start":{"line":156,"column":33},"end":{"line":156,"column":74}}},"fnMap":{"0":{"name":"CreateFamilyScreen","decl":{"start":{"line":6,"column":24},"end":{"line":6,"column":45}},"loc":{"start":{"line":6,"column":45},"end":{"line":173,"column":null}},"line":6},"1":{"name":"(anonymous_1)","decl":{"start":{"line":20,"column":23},"end":{"line":20,"column":30}},"loc":{"start":{"line":20,"column":53},"end":{"line":59,"column":null}},"line":20},"2":{"name":"(anonymous_2)","decl":{"start":{"line":63,"column":21},"end":{"line":63,"column":28}},"loc":{"start":{"line":63,"column":51},"end":{"line":83,"column":null}},"line":63},"3":{"name":"(anonymous_3)","decl":{"start":{"line":111,"column":12},"end":{"line":111,"column":27}},"loc":{"start":{"line":111,"column":27},"end":{"line":111,"column":null}},"line":111},"4":{"name":"(anonymous_4)","decl":{"start":{"line":117,"column":12},"end":{"line":117,"column":27}},"loc":{"start":{"line":117,"column":27},"end":{"line":117,"column":null}},"line":117},"5":{"name":"(anonymous_5)","decl":{"start":{"line":131,"column":16},"end":{"line":131,"column":27}},"loc":{"start":{"line":131,"column":33},"end":{"line":131,"column":62}},"line":131},"6":{"name":"(anonymous_6)","decl":{"start":{"line":156,"column":16},"end":{"line":156,"column":27}},"loc":{"start":{"line":156,"column":33},"end":{"line":156,"column":74}},"line":156}},"branchMap":{"0":{"loc":{"start":{"line":22,"column":4},"end":{"line":22,"column":null}},"type":"if","locations":[{"start":{"line":22,"column":4},"end":{"line":22,"column":null}},{"start":{},"end":{}}],"line":22},"1":{"loc":{"start":{"line":22,"column":8},"end":{"line":22,"column":50}},"type":"binary-expr","locations":[{"start":{"line":22,"column":8},"end":{"line":22,"column":26}},{"start":{"line":22,"column":30},"end":{"line":22,"column":50}}],"line":22},"2":{"loc":{"start":{"line":38,"column":6},"end":{"line":38,"column":null}},"type":"if","locations":[{"start":{"line":38,"column":6},"end":{"line":38,"column":null}},{"start":{},"end":{}}],"line":38},"3":{"loc":{"start":{"line":50,"column":6},"end":{"line":50,"column":null}},"type":"if","locations":[{"start":{"line":50,"column":6},"end":{"line":50,"column":null}},{"start":{},"end":{}}],"line":50},"4":{"loc":{"start":{"line":57,"column":15},"end":{"line":57,"column":60}},"type":"binary-expr","locations":[{"start":{"line":57,"column":15},"end":{"line":57,"column":30}},{"start":{"line":57,"column":30},"end":{"line":57,"column":60}}],"line":57},"5":{"loc":{"start":{"line":65,"column":4},"end":{"line":65,"column":null}},"type":"if","locations":[{"start":{"line":65,"column":4},"end":{"line":65,"column":null}},{"start":{},"end":{}}],"line":65},"6":{"loc":{"start":{"line":65,"column":8},"end":{"line":65,"column":48}},"type":"binary-expr","locations":[{"start":{"line":65,"column":8},"end":{"line":65,"column":24}},{"start":{"line":65,"column":28},"end":{"line":65,"column":48}}],"line":65},"7":{"loc":{"start":{"line":75,"column":6},"end":{"line":75,"column":null}},"type":"if","locations":[{"start":{"line":75,"column":6},"end":{"line":75,"column":null}},{"start":{},"end":{}}],"line":75},"8":{"loc":{"start":{"line":81,"column":15},"end":{"line":81,"column":78}},"type":"binary-expr","locations":[{"start":{"line":81,"column":15},"end":{"line":81,"column":30}},{"start":{"line":81,"column":30},"end":{"line":81,"column":78}}],"line":81},"9":{"loc":{"start":{"line":94,"column":38},"end":{"line":94,"column":77}},"type":"cond-expr","locations":[{"start":{"line":94,"column":58},"end":{"line":94,"column":65}},{"start":{"line":94,"column":65},"end":{"line":94,"column":77}}],"line":94},"10":{"loc":{"start":{"line":99,"column":13},"end":{"line":99,"column":null}},"type":"cond-expr","locations":[{"start":{"line":99,"column":33},"end":{"line":99,"column":53}},{"start":{"line":99,"column":53},"end":{"line":99,"column":null}}],"line":99},"11":{"loc":{"start":{"line":102,"column":13},"end":{"line":104,"column":null}},"type":"cond-expr","locations":[{"start":{"line":103,"column":16},"end":{"line":103,"column":null}},{"start":{"line":104,"column":16},"end":{"line":104,"column":null}}],"line":102},"12":{"loc":{"start":{"line":112,"column":82},"end":{"line":112,"column":null}},"type":"cond-expr","locations":[{"start":{"line":112,"column":102},"end":{"line":112,"column":140}},{"start":{"line":112,"column":140},"end":{"line":112,"column":null}}],"line":112},"13":{"loc":{"start":{"line":118,"column":82},"end":{"line":118,"column":null}},"type":"cond-expr","locations":[{"start":{"line":118,"column":100},"end":{"line":118,"column":138}},{"start":{"line":118,"column":138},"end":{"line":118,"column":null}}],"line":118},"14":{"loc":{"start":{"line":124,"column":9},"end":{"line":173,"column":null}},"type":"cond-expr","locations":[{"start":{"line":125,"column":10},"end":{"line":150,"column":11}},{"start":{"line":150,"column":10},"end":{"line":173,"column":null}}],"line":124},"15":{"loc":{"start":{"line":139,"column":13},"end":{"line":139,"column":null}},"type":"binary-expr","locations":[{"start":{"line":139,"column":13},"end":{"line":139,"column":22}},{"start":{"line":139,"column":22},"end":{"line":139,"column":null}}],"line":139},"16":{"loc":{"start":{"line":143,"column":24},"end":{"line":143,"column":58}},"type":"binary-expr","locations":[{"start":{"line":143,"column":24},"end":{"line":143,"column":40}},{"start":{"line":143,"column":40},"end":{"line":143,"column":58}}],"line":143},"17":{"loc":{"start":{"line":146,"column":15},"end":{"line":146,"column":null}},"type":"cond-expr","locations":[{"start":{"line":146,"column":30},"end":{"line":146,"column":46}},{"start":{"line":146,"column":46},"end":{"line":146,"column":null}}],"line":146},"18":{"loc":{"start":{"line":165,"column":13},"end":{"line":165,"column":null}},"type":"binary-expr","locations":[{"start":{"line":165,"column":13},"end":{"line":165,"column":22}},{"start":{"line":165,"column":22},"end":{"line":165,"column":null}}],"line":165},"19":{"loc":{"start":{"line":169,"column":24},"end":{"line":169,"column":null}},"type":"binary-expr","locations":[{"start":{"line":169,"column":24},"end":{"line":169,"column":40}},{"start":{"line":169,"column":40},"end":{"line":169,"column":null}}],"line":169},"20":{"loc":{"start":{"line":172,"column":15},"end":{"line":172,"column":null}},"type":"cond-expr","locations":[{"start":{"line":172,"column":30},"end":{"line":172,"column":45}},{"start":{"line":172,"column":45},"end":{"line":172,"column":null}}],"line":172}},"s":{"0":0,"1":0,"2":0,"3":0,"4":0,"5":0,"6":0,"7":0,"8":0,"9":0,"10":0,"11":0,"12":0,"13":0,"14":0,"15":0,"16":0,"17":0,"18":0,"19":0,"20":0,"21":0,"22":0,"23":0,"24":0,"25":0,"26":0,"27":0,"28":0,"29":0,"30":0,"31":0,"32":0,"33":0,"34":0,"35":0,"36":0,"37":0,"38":0,"39":0,"40":0,"41":0,"42":0,"43":0,"44":0},"f":{"0":0,"1":0,"2":0,"3":0,"4":0,"5":0,"6":0},"b":{"0":[0,0],"1":[0,0],"2":[0,0],"3":[0,0],"4":[0,0],"5":[0,0],"6":[0,0],"7":[0,0],"8":[0,0],"9":[0,0],"10":[0,0],"11":[0,0],"12":[0,0],"13":[0,0],"14":[0,0],"15":[0,0],"16":[0,0],"17":[0,0],"18":[0,0],"19":[0,0],"20":[0,0]},"meta":{"lastBranch":21,"lastFunction":7,"lastStatement":45,"seen":{"f:6:24:6:45":0,"s:7:10:7:31":0,"s:8:10:8:41":1,"s:10:15:10:63":2,"s:13:21:13:50":3,"s:15:19:15:46":4,"s:17:23:17:57":5,"s:18:16:18:40":6,"s:20:23:59:Infinity":7,"f:20:23:20:30":1,"s:21:4:21:Infinity":8,"b:22:4:22:Infinity:undefined:undefined:undefined:undefined":0,"s:22:4:22:Infinity":9,"b:22:8:22:26:22:30:22:50":1,"s:22:50:22:Infinity":10,"s:24:4:24:Infinity":11,"s:25:4:25:Infinity":12,"s:27:4:59:Infinity":13,"s:29:55:36:17":14,"b:38:6:38:Infinity:undefined:undefined:undefined:undefined":2,"s:38:6:38:Infinity":15,"s:38:23:38:Infinity":16,"s:41:37:48:11":17,"b:50:6:50:Infinity:undefined:undefined:undefined:undefined":3,"s:50:6:50:Infinity":18,"s:50:23:50:Infinity":19,"s:53:6:53:Infinity":20,"s:56:6:56:Infinity":21,"s:57:6:57:Infinity":22,"b:57:15:57:30:57:30:57:60":4,"s:59:6:59:Infinity":23,"s:63:21:83:Infinity":24,"f:63:21:63:28":2,"s:64:4:64:Infinity":25,"b:65:4:65:Infinity:undefined:undefined:undefined:undefined":5,"s:65:4:65:Infinity":26,"b:65:8:65:24:65:28:65:48":6,"s:65:48:65:Infinity":27,"s:67:4:67:Infinity":28,"s:68:4:68:Infinity":29,"s:70:4:83:Infinity":30,"s:71:35:73:8":31,"b:75:6:75:Infinity:undefined:undefined:undefined:undefined":7,"s:75:6:75:Infinity":32,"s:75:21:75:Infinity":33,"s:77:6:77:Infinity":34,"s:80:6:80:Infinity":35,"s:81:6:81:Infinity":36,"b:81:15:81:30:81:30:81:78":8,"s:83:6:83:Infinity":37,"s:87:2:173:Infinity":38,"b:94:58:94:65:94:65:94:77":9,"b:99:33:99:53:99:53:99:Infinity":10,"b:103:16:103:Infinity:104:16:104:Infinity":11,"f:111:12:111:27":3,"s:111:29:111:48":39,"s:111:48:111:Infinity":40,"b:112:102:112:140:112:140:112:Infinity":12,"f:117:12:117:27":4,"s:117:29:117:46":41,"s:117:46:117:Infinity":42,"b:118:100:118:138:118:138:118:Infinity":13,"b:125:10:150:11:150:10:173:Infinity":14,"f:131:16:131:27":5,"s:131:33:131:62":43,"b:139:13:139:22:139:22:139:Infinity":15,"b:143:24:143:40:143:40:143:58":16,"b:146:30:146:46:146:46:146:Infinity":17,"f:156:16:156:27":6,"s:156:33:156:74":44,"b:165:13:165:22:165:22:165:Infinity":18,"b:169:24:169:40:169:40:169:Infinity":19,"b:172:30:172:45:172:45:172:Infinity":20}}}
,"C:\\Work\\HomeCastle\\BusyBees\\app\\src\\components\\FamilySelectionScreen.tsx": {"path":"C:\\Work\\HomeCastle\\BusyBees\\app\\src\\components\\FamilySelectionScreen.tsx","statementMap":{"0":{"start":{"line":4,"column":46},"end":{"line":4,"column":79}},"1":{"start":{"line":6,"column":2},"end":{"line":10,"column":null}},"2":{"start":{"line":7,"column":4},"end":{"line":10,"column":null}},"3":{"start":{"line":14,"column":2},"end":{"line":45,"column":null}},"4":{"start":{"line":23,"column":10},"end":{"line":23,"column":null}},"5":{"start":{"line":23,"column":36},"end":{"line":23,"column":null}},"6":{"start":{"line":24,"column":10},"end":{"line":42,"column":null}},"7":{"start":{"line":27,"column":29},"end":{"line":27,"column":68}}},"fnMap":{"0":{"name":"FamilySelectionScreen","decl":{"start":{"line":3,"column":24},"end":{"line":3,"column":48}},"loc":{"start":{"line":3,"column":48},"end":{"line":45,"column":null}},"line":3},"1":{"name":"(anonymous_1)","decl":{"start":{"line":22,"column":25},"end":{"line":22,"column":30}},"loc":{"start":{"line":22,"column":45},"end":{"line":42,"column":null}},"line":22},"2":{"name":"(anonymous_2)","decl":{"start":{"line":27,"column":14},"end":{"line":27,"column":29}},"loc":{"start":{"line":27,"column":29},"end":{"line":27,"column":68}},"line":27}},"branchMap":{"0":{"loc":{"start":{"line":6,"column":2},"end":{"line":10,"column":null}},"type":"if","locations":[{"start":{"line":6,"column":2},"end":{"line":10,"column":null}},{"start":{},"end":{}}],"line":6},"1":{"loc":{"start":{"line":23,"column":10},"end":{"line":23,"column":null}},"type":"if","locations":[{"start":{"line":23,"column":10},"end":{"line":23,"column":null}},{"start":{},"end":{}}],"line":23}},"s":{"0":0,"1":0,"2":0,"3":0,"4":0,"5":0,"6":0,"7":0},"f":{"0":0,"1":0,"2":0},"b":{"0":[0,0],"1":[0,0]},"meta":{"lastBranch":2,"lastFunction":3,"lastStatement":8,"seen":{"f:3:24:3:48":0,"s:4:46:4:79":0,"b:6:2:10:Infinity:undefined:undefined:undefined:undefined":0,"s:6:2:10:Infinity":1,"s:7:4:10:Infinity":2,"s:14:2:45:Infinity":3,"f:22:25:22:30":1,"b:23:10:23:Infinity:undefined:undefined:undefined:undefined":1,"s:23:10:23:Infinity":4,"s:23:36:23:Infinity":5,"s:24:10:42:Infinity":6,"f:27:14:27:29":2,"s:27:29:27:68":7}}}
,"C:\\Work\\HomeCastle\\BusyBees\\app\\src\\components\\GoogleOneTap.tsx": {"path":"C:\\Work\\HomeCastle\\BusyBees\\app\\src\\components\\GoogleOneTap.tsx","statementMap":{"0":{"start":{"line":10,"column":8},"end":{"line":10,"column":37}},"1":{"start":{"line":11,"column":8},"end":{"line":11,"column":48}},"2":{"start":{"line":13,"column":2},"end":{"line":71,"column":null}},"3":{"start":{"line":14,"column":4},"end":{"line":14,"column":null}},"4":{"start":{"line":14,"column":31},"end":{"line":14,"column":null}},"5":{"start":{"line":16,"column":21},"end":{"line":16,"column":null}},"6":{"start":{"line":18,"column":4},"end":{"line":20,"column":null}},"7":{"start":{"line":19,"column":6},"end":{"line":19,"column":null}},"8":{"start":{"line":20,"column":6},"end":{"line":20,"column":null}},"9":{"start":{"line":24,"column":20},"end":{"line":24,"column":null}},"10":{"start":{"line":26,"column":4},"end":{"line":69,"column":null}},"11":{"start":{"line":27,"column":6},"end":{"line":45,"column":null}},"12":{"start":{"line":30,"column":10},"end":{"line":40,"column":null}},"13":{"start":{"line":31,"column":30},"end":{"line":34,"column":14}},"14":{"start":{"line":36,"column":12},"end":{"line":36,"column":null}},"15":{"start":{"line":36,"column":23},"end":{"line":36,"column":null}},"16":{"start":{"line":37,"column":12},"end":{"line":37,"column":null}},"17":{"start":{"line":37,"column":27},"end":{"line":37,"column":null}},"18":{"start":{"line":39,"column":12},"end":{"line":39,"column":null}},"19":{"start":{"line":40,"column":12},"end":{"line":40,"column":null}},"20":{"start":{"line":40,"column":25},"end":{"line":40,"column":null}},"21":{"start":{"line":48,"column":6},"end":{"line":57,"column":null}},"22":{"start":{"line":49,"column":8},"end":{"line":57,"column":null}},"23":{"start":{"line":50,"column":10},"end":{"line":55,"column":null}},"24":{"start":{"line":57,"column":10},"end":{"line":57,"column":null}},"25":{"start":{"line":61,"column":6},"end":{"line":65,"column":null}},"26":{"start":{"line":62,"column":8},"end":{"line":63,"column":null}},"27":{"start":{"line":63,"column":10},"end":{"line":63,"column":null}},"28":{"start":{"line":67,"column":6},"end":{"line":67,"column":null}},"29":{"start":{"line":69,"column":6},"end":{"line":69,"column":null}},"30":{"start":{"line":73,"column":2},"end":{"line":76,"column":null}}},"fnMap":{"0":{"name":"GoogleOneTap","decl":{"start":{"line":9,"column":24},"end":{"line":9,"column":37}},"loc":{"start":{"line":9,"column":80},"end":{"line":76,"column":null}},"line":9},"1":{"name":"(anonymous_1)","decl":{"start":{"line":13,"column":2},"end":{"line":13,"column":18}},"loc":{"start":{"line":13,"column":18},"end":{"line":71,"column":6}},"line":13},"2":{"name":"(anonymous_2)","decl":{"start":{"line":29,"column":18},"end":{"line":29,"column":25}},"loc":{"start":{"line":29,"column":43},"end":{"line":40,"column":null}},"line":29},"3":{"name":"(anonymous_3)","decl":{"start":{"line":61,"column":25},"end":{"line":61,"column":33}},"loc":{"start":{"line":61,"column":55},"end":{"line":65,"column":null}},"line":61}},"branchMap":{"0":{"loc":{"start":{"line":14,"column":4},"end":{"line":14,"column":null}},"type":"if","locations":[{"start":{"line":14,"column":4},"end":{"line":14,"column":null}},{"start":{},"end":{}}],"line":14},"1":{"loc":{"start":{"line":18,"column":4},"end":{"line":20,"column":null}},"type":"if","locations":[{"start":{"line":18,"column":4},"end":{"line":20,"column":null}},{"start":{},"end":{}}],"line":18},"2":{"loc":{"start":{"line":18,"column":8},"end":{"line":18,"column":54}},"type":"binary-expr","locations":[{"start":{"line":18,"column":8},"end":{"line":18,"column":21}},{"start":{"line":18,"column":21},"end":{"line":18,"column":54}}],"line":18},"3":{"loc":{"start":{"line":26,"column":4},"end":{"line":69,"column":null}},"type":"if","locations":[{"start":{"line":26,"column":4},"end":{"line":69,"column":null}},{"start":{"line":68,"column":11},"end":{"line":69,"column":null}}],"line":26},"4":{"loc":{"start":{"line":26,"column":8},"end":{"line":26,"column":57}},"type":"binary-expr","locations":[{"start":{"line":26,"column":8},"end":{"line":26,"column":18}},{"start":{"line":26,"column":18},"end":{"line":26,"column":37}},{"start":{"line":26,"column":37},"end":{"line":26,"column":57}}],"line":26},"5":{"loc":{"start":{"line":36,"column":12},"end":{"line":36,"column":null}},"type":"if","locations":[{"start":{"line":36,"column":12},"end":{"line":36,"column":null}},{"start":{},"end":{}}],"line":36},"6":{"loc":{"start":{"line":37,"column":12},"end":{"line":37,"column":null}},"type":"if","locations":[{"start":{"line":37,"column":12},"end":{"line":37,"column":null}},{"start":{},"end":{}}],"line":37},"7":{"loc":{"start":{"line":40,"column":12},"end":{"line":40,"column":null}},"type":"if","locations":[{"start":{"line":40,"column":12},"end":{"line":40,"column":null}},{"start":{},"end":{}}],"line":40},"8":{"loc":{"start":{"line":48,"column":6},"end":{"line":57,"column":null}},"type":"if","locations":[{"start":{"line":48,"column":6},"end":{"line":57,"column":null}},{"start":{},"end":{}}],"line":48},"9":{"loc":{"start":{"line":62,"column":8},"end":{"line":63,"column":null}},"type":"if","locations":[{"start":{"line":62,"column":8},"end":{"line":63,"column":null}},{"start":{},"end":{}}],"line":62}},"s":{"0":0,"1":0,"2":0,"3":0,"4":0,"5":0,"6":0,"7":0,"8":0,"9":0,"10":0,"11":0,"12":0,"13":0,"14":0,"15":0,"16":0,"17":0,"18":0,"19":0,"20":0,"21":0,"22":0,"23":0,"24":0,"25":0,"26":0,"27":0,"28":0,"29":0,"30":0},"f":{"0":0,"1":0,"2":0,"3":0},"b":{"0":[0,0],"1":[0,0],"2":[0,0],"3":[0,0],"4":[0,0,0],"5":[0,0],"6":[0,0],"7":[0,0],"8":[0,0],"9":[0,0]},"meta":{"lastBranch":10,"lastFunction":4,"lastStatement":31,"seen":{"f:9:24:9:37":0,"s:10:8:10:37":0,"s:11:8:11:48":1,"s:13:2:71:Infinity":2,"f:13:2:13:18":1,"b:14:4:14:Infinity:undefined:undefined:undefined:undefined":0,"s:14:4:14:Infinity":3,"s:14:31:14:Infinity":4,"s:16:21:16:Infinity":5,"b:18:4:20:Infinity:undefined:undefined:undefined:undefined":1,"s:18:4:20:Infinity":6,"b:18:8:18:21:18:21:18:54":2,"s:19:6:19:Infinity":7,"s:20:6:20:Infinity":8,"s:24:20:24:Infinity":9,"b:26:4:69:Infinity:68:11:69:Infinity":3,"s:26:4:69:Infinity":10,"b:26:8:26:18:26:18:26:37:26:37:26:57":4,"s:27:6:45:Infinity":11,"f:29:18:29:25":2,"s:30:10:40:Infinity":12,"s:31:30:34:14":13,"b:36:12:36:Infinity:undefined:undefined:undefined:undefined":5,"s:36:12:36:Infinity":14,"s:36:23:36:Infinity":15,"b:37:12:37:Infinity:undefined:undefined:undefined:undefined":6,"s:37:12:37:Infinity":16,"s:37:27:37:Infinity":17,"s:39:12:39:Infinity":18,"b:40:12:40:Infinity:undefined:undefined:undefined:undefined":7,"s:40:12:40:Infinity":19,"s:40:25:40:Infinity":20,"b:48:6:57:Infinity:undefined:undefined:undefined:undefined":8,"s:48:6:57:Infinity":21,"s:49:8:57:Infinity":22,"s:50:10:55:Infinity":23,"s:57:10:57:Infinity":24,"s:61:6:65:Infinity":25,"f:61:25:61:33":3,"b:62:8:63:Infinity:undefined:undefined:undefined:undefined":9,"s:62:8:63:Infinity":26,"s:63:10:63:Infinity":27,"s:67:6:67:Infinity":28,"s:69:6:69:Infinity":29,"s:73:2:76:Infinity":30}}}
,"C:\\Work\\HomeCastle\\BusyBees\\app\\src\\components\\LoginScreen.tsx": {"path":"C:\\Work\\HomeCastle\\BusyBees\\app\\src\\components\\LoginScreen.tsx","statementMap":{"0":{"start":{"line":4,"column":2},"end":{"line":35,"column":null}}},"fnMap":{"0":{"name":"LoginScreen","decl":{"start":{"line":3,"column":24},"end":{"line":3,"column":38}},"loc":{"start":{"line":3,"column":38},"end":{"line":35,"column":null}},"line":3}},"branchMap":{},"s":{"0":0},"f":{"0":0},"b":{},"meta":{"lastBranch":0,"lastFunction":1,"lastStatement":1,"seen":{"f:3:24:3:38":0,"s:4:2:35:Infinity":0}}}
,"C:\\Work\\HomeCastle\\BusyBees\\app\\src\\components\\ManageMembersScreen.tsx": {"path":"C:\\Work\\HomeCastle\\BusyBees\\app\\src\\components\\ManageMembersScreen.tsx","statementMap":{"0":{"start":{"line":9,"column":38},"end":{"line":9,"column":69}},"1":{"start":{"line":10,"column":8},"end":{"line":10,"column":32}},"2":{"start":{"line":12,"column":18},"end":{"line":12,"column":54}},"3":{"start":{"line":13,"column":20},"end":{"line":13,"column":50}},"4":{"start":{"line":14,"column":16},"end":{"line":14,"column":40}},"5":{"start":{"line":16,"column":24},"end":{"line":16,"column":73}},"6":{"start":{"line":17,"column":19},"end":{"line":17,"column":46}},"7":{"start":{"line":18,"column":19},"end":{"line":18,"column":71}},"8":{"start":{"line":19,"column":22},"end":{"line":19,"column":55}},"9":{"start":{"line":20,"column":19},"end":{"line":20,"column":49}},"10":{"start":{"line":23,"column":2},"end":{"line":41,"column":null}},"11":{"start":{"line":25,"column":6},"end":{"line":25,"column":null}},"12":{"start":{"line":25,"column":25},"end":{"line":25,"column":null}},"13":{"start":{"line":26,"column":6},"end":{"line":26,"column":null}},"14":{"start":{"line":28,"column":42},"end":{"line":29,"column":68}},"15":{"start":{"line":31,"column":6},"end":{"line":35,"column":null}},"16":{"start":{"line":32,"column":8},"end":{"line":32,"column":null}},"17":{"start":{"line":33,"column":8},"end":{"line":33,"column":null}},"18":{"start":{"line":35,"column":8},"end":{"line":35,"column":null}},"19":{"start":{"line":37,"column":6},"end":{"line":37,"column":null}},"20":{"start":{"line":40,"column":4},"end":{"line":40,"column":null}},"21":{"start":{"line":43,"column":8},"end":{"line":48,"column":null}},"22":{"start":{"line":44,"column":4},"end":{"line":44,"column":null}},"23":{"start":{"line":44,"column":28},"end":{"line":44,"column":null}},"24":{"start":{"line":45,"column":4},"end":{"line":45,"column":null}},"25":{"start":{"line":45,"column":27},"end":{"line":45,"column":null}},"26":{"start":{"line":46,"column":4},"end":{"line":46,"column":null}},"27":{"start":{"line":46,"column":26},"end":{"line":46,"column":null}},"28":{"start":{"line":47,"column":4},"end":{"line":47,"column":null}},"29":{"start":{"line":47,"column":22},"end":{"line":47,"column":null}},"30":{"start":{"line":48,"column":4},"end":{"line":48,"column":null}},"31":{"start":{"line":51,"column":8},"end":{"line":55,"column":null}},"32":{"start":{"line":52,"column":4},"end":{"line":52,"column":null}},"33":{"start":{"line":53,"column":4},"end":{"line":53,"column":null}},"34":{"start":{"line":54,"column":4},"end":{"line":54,"column":null}},"35":{"start":{"line":55,"column":4},"end":{"line":55,"column":null}},"36":{"start":{"line":58,"column":21},"end":{"line":90,"column":null}},"37":{"start":{"line":59,"column":4},"end":{"line":59,"column":null}},"38":{"start":{"line":60,"column":4},"end":{"line":60,"column":null}},"39":{"start":{"line":60,"column":24},"end":{"line":60,"column":null}},"40":{"start":{"line":62,"column":4},"end":{"line":62,"column":null}},"41":{"start":{"line":63,"column":35},"end":{"line":70,"column":33}},"42":{"start":{"line":72,"column":4},"end":{"line":87,"column":null}},"43":{"start":{"line":73,"column":6},"end":{"line":73,"column":null}},"44":{"start":{"line":74,"column":6},"end":{"line":74,"column":null}},"45":{"start":{"line":77,"column":6},"end":{"line":82,"column":null}},"46":{"start":{"line":77,"column":25},"end":{"line":82,"column":12}},"47":{"start":{"line":77,"column":39},"end":{"line":82,"column":12}},"48":{"start":{"line":83,"column":6},"end":{"line":83,"column":null}},"49":{"start":{"line":86,"column":6},"end":{"line":87,"column":null}},"50":{"start":{"line":87,"column":8},"end":{"line":87,"column":null}},"51":{"start":{"line":90,"column":4},"end":{"line":90,"column":null}},"52":{"start":{"line":93,"column":23},"end":{"line":119,"column":null}},"53":{"start":{"line":94,"column":25},"end":{"line":94,"column":117}},"54":{"start":{"line":95,"column":4},"end":{"line":95,"column":null}},"55":{"start":{"line":95,"column":23},"end":{"line":95,"column":null}},"56":{"start":{"line":98,"column":4},"end":{"line":102,"column":null}},"57":{"start":{"line":98,"column":26},"end":{"line":98,"column":44}},"58":{"start":{"line":99,"column":25},"end":{"line":99,"column":null}},"59":{"start":{"line":99,"column":45},"end":{"line":99,"column":56}},"60":{"start":{"line":100,"column":6},"end":{"line":102,"column":null}},"61":{"start":{"line":101,"column":8},"end":{"line":101,"column":null}},"62":{"start":{"line":102,"column":8},"end":{"line":102,"column":null}},"63":{"start":{"line":106,"column":35},"end":{"line":109,"column":25}},"64":{"start":{"line":111,"column":4},"end":{"line":119,"column":null}},"65":{"start":{"line":112,"column":6},"end":{"line":112,"column":null}},"66":{"start":{"line":113,"column":6},"end":{"line":113,"column":null}},"67":{"start":{"line":115,"column":6},"end":{"line":115,"column":null}},"68":{"start":{"line":115,"column":25},"end":{"line":115,"column":60}},"69":{"start":{"line":115,"column":42},"end":{"line":115,"column":60}},"70":{"start":{"line":116,"column":6},"end":{"line":119,"column":null}},"71":{"start":{"line":118,"column":8},"end":{"line":118,"column":null}},"72":{"start":{"line":119,"column":8},"end":{"line":119,"column":null}},"73":{"start":{"line":124,"column":2},"end":{"line":128,"column":null}},"74":{"start":{"line":125,"column":4},"end":{"line":128,"column":null}},"75":{"start":{"line":132,"column":18},"end":{"line":132,"column":null}},"76":{"start":{"line":134,"column":2},"end":{"line":286,"column":null}},"77":{"start":{"line":139,"column":25},"end":{"line":139,"column":46}},"78":{"start":{"line":160,"column":14},"end":{"line":204,"column":null}},"79":{"start":{"line":187,"column":37},"end":{"line":187,"column":60}},"80":{"start":{"line":195,"column":39},"end":{"line":195,"column":62}},"81":{"start":{"line":215,"column":33},"end":{"line":215,"column":55}},"82":{"start":{"line":230,"column":37},"end":{"line":230,"column":64}},"83":{"start":{"line":243,"column":41},"end":{"line":243,"column":62}},"84":{"start":{"line":250,"column":41},"end":{"line":250,"column":61}},"85":{"start":{"line":268,"column":43},"end":{"line":268,"column":75}},"86":{"start":{"line":269,"column":96},"end":{"line":269,"column":107}}},"fnMap":{"0":{"name":"ManageMembersScreen","decl":{"start":{"line":8,"column":24},"end":{"line":8,"column":46}},"loc":{"start":{"line":8,"column":46},"end":{"line":286,"column":null}},"line":8},"1":{"name":"(anonymous_1)","decl":{"start":{"line":23,"column":2},"end":{"line":23,"column":18}},"loc":{"start":{"line":23,"column":18},"end":{"line":41,"column":6}},"line":23},"2":{"name":"fetchFamilyMembers","decl":{"start":{"line":24,"column":19},"end":{"line":24,"column":40}},"loc":{"start":{"line":24,"column":40},"end":{"line":37,"column":null}},"line":24},"3":{"name":"(anonymous_3)","decl":{"start":{"line":43,"column":8},"end":{"line":43,"column":26}},"loc":{"start":{"line":43,"column":45},"end":{"line":48,"column":null}},"line":43},"4":{"name":"(anonymous_4)","decl":{"start":{"line":51,"column":8},"end":{"line":51,"column":27}},"loc":{"start":{"line":51,"column":46},"end":{"line":55,"column":null}},"line":51},"5":{"name":"(anonymous_5)","decl":{"start":{"line":58,"column":21},"end":{"line":58,"column":28}},"loc":{"start":{"line":58,"column":51},"end":{"line":90,"column":null}},"line":58},"6":{"name":"(anonymous_6)","decl":{"start":{"line":77,"column":6},"end":{"line":77,"column":17}},"loc":{"start":{"line":77,"column":25},"end":{"line":82,"column":12}},"line":77},"7":{"name":"(anonymous_7)","decl":{"start":{"line":77,"column":30},"end":{"line":77,"column":34}},"loc":{"start":{"line":77,"column":39},"end":{"line":82,"column":12}},"line":77},"8":{"name":"(anonymous_8)","decl":{"start":{"line":93,"column":23},"end":{"line":93,"column":30}},"loc":{"start":{"line":93,"column":51},"end":{"line":119,"column":null}},"line":93},"9":{"name":"(anonymous_9)","decl":{"start":{"line":98,"column":16},"end":{"line":98,"column":21}},"loc":{"start":{"line":98,"column":26},"end":{"line":98,"column":44}},"line":98},"10":{"name":"(anonymous_10)","decl":{"start":{"line":99,"column":33},"end":{"line":99,"column":40}},"loc":{"start":{"line":99,"column":45},"end":{"line":99,"column":56}},"line":99},"11":{"name":"(anonymous_11)","decl":{"start":{"line":115,"column":6},"end":{"line":115,"column":17}},"loc":{"start":{"line":115,"column":25},"end":{"line":115,"column":60}},"line":115},"12":{"name":"(anonymous_12)","decl":{"start":{"line":115,"column":30},"end":{"line":115,"column":37}},"loc":{"start":{"line":115,"column":42},"end":{"line":115,"column":60}},"line":115},"13":{"name":"(anonymous_13)","decl":{"start":{"line":139,"column":10},"end":{"line":139,"column":25}},"loc":{"start":{"line":139,"column":25},"end":{"line":139,"column":46}},"line":139},"14":{"name":"(anonymous_14)","decl":{"start":{"line":159,"column":21},"end":{"line":159,"column":25}},"loc":{"start":{"line":160,"column":14},"end":{"line":204,"column":null}},"line":160},"15":{"name":"(anonymous_15)","decl":{"start":{"line":187,"column":22},"end":{"line":187,"column":37}},"loc":{"start":{"line":187,"column":37},"end":{"line":187,"column":60}},"line":187},"16":{"name":"(anonymous_16)","decl":{"start":{"line":195,"column":24},"end":{"line":195,"column":39}},"loc":{"start":{"line":195,"column":39},"end":{"line":195,"column":62}},"line":195},"17":{"name":"(anonymous_17)","decl":{"start":{"line":215,"column":18},"end":{"line":215,"column":33}},"loc":{"start":{"line":215,"column":33},"end":{"line":215,"column":55}},"line":215},"18":{"name":"(anonymous_18)","decl":{"start":{"line":230,"column":20},"end":{"line":230,"column":31}},"loc":{"start":{"line":230,"column":37},"end":{"line":230,"column":64}},"line":230},"19":{"name":"(anonymous_19)","decl":{"start":{"line":243,"column":26},"end":{"line":243,"column":41}},"loc":{"start":{"line":243,"column":41},"end":{"line":243,"column":62}},"line":243},"20":{"name":"(anonymous_20)","decl":{"start":{"line":250,"column":26},"end":{"line":250,"column":41}},"loc":{"start":{"line":250,"column":41},"end":{"line":250,"column":61}},"line":250},"21":{"name":"(anonymous_21)","decl":{"start":{"line":268,"column":26},"end":{"line":268,"column":37}},"loc":{"start":{"line":268,"column":43},"end":{"line":268,"column":75}},"line":268},"22":{"name":"(anonymous_22)","decl":{"start":{"line":269,"column":84},"end":{"line":269,"column":91}},"loc":{"start":{"line":269,"column":96},"end":{"line":269,"column":107}},"line":269}},"branchMap":{"0":{"loc":{"start":{"line":25,"column":6},"end":{"line":25,"column":null}},"type":"if","locations":[{"start":{"line":25,"column":6},"end":{"line":25,"column":null}},{"start":{},"end":{}}],"line":25},"1":{"loc":{"start":{"line":31,"column":6},"end":{"line":35,"column":null}},"type":"if","locations":[{"start":{"line":31,"column":6},"end":{"line":35,"column":null}},{"start":{"line":34,"column":13},"end":{"line":35,"column":null}}],"line":31},"2":{"loc":{"start":{"line":35,"column":20},"end":{"line":35,"column":30}},"type":"binary-expr","locations":[{"start":{"line":35,"column":20},"end":{"line":35,"column":28}},{"start":{"line":35,"column":28},"end":{"line":35,"column":30}}],"line":35},"3":{"loc":{"start":{"line":44,"column":4},"end":{"line":44,"column":null}},"type":"if","locations":[{"start":{"line":44,"column":4},"end":{"line":44,"column":null}},{"start":{},"end":{}}],"line":44},"4":{"loc":{"start":{"line":45,"column":4},"end":{"line":45,"column":null}},"type":"if","locations":[{"start":{"line":45,"column":4},"end":{"line":45,"column":null}},{"start":{},"end":{}}],"line":45},"5":{"loc":{"start":{"line":46,"column":4},"end":{"line":46,"column":null}},"type":"if","locations":[{"start":{"line":46,"column":4},"end":{"line":46,"column":null}},{"start":{},"end":{}}],"line":46},"6":{"loc":{"start":{"line":47,"column":4},"end":{"line":47,"column":null}},"type":"if","locations":[{"start":{"line":47,"column":4},"end":{"line":47,"column":null}},{"start":{},"end":{}}],"line":47},"7":{"loc":{"start":{"line":53,"column":16},"end":{"line":53,"column":41}},"type":"binary-expr","locations":[{"start":{"line":53,"column":16},"end":{"line":53,"column":38}},{"start":{"line":53,"column":38},"end":{"line":53,"column":41}}],"line":53},"8":{"loc":{"start":{"line":60,"column":4},"end":{"line":60,"column":null}},"type":"if","locations":[{"start":{"line":60,"column":4},"end":{"line":60,"column":null}},{"start":{},"end":{}}],"line":60},"9":{"loc":{"start":{"line":66,"column":21},"end":{"line":66,"column":null}},"type":"binary-expr","locations":[{"start":{"line":66,"column":21},"end":{"line":66,"column":36}},{"start":{"line":66,"column":40},"end":{"line":66,"column":null}}],"line":66},"10":{"loc":{"start":{"line":72,"column":4},"end":{"line":87,"column":null}},"type":"if","locations":[{"start":{"line":72,"column":4},"end":{"line":87,"column":null}},{"start":{"line":75,"column":11},"end":{"line":87,"column":null}}],"line":72},"11":{"loc":{"start":{"line":77,"column":39},"end":{"line":82,"column":12}},"type":"cond-expr","locations":[{"start":{"line":77,"column":67},"end":{"line":82,"column":10}},{"start":{"line":82,"column":10},"end":{"line":82,"column":12}}],"line":77},"12":{"loc":{"start":{"line":79,"column":21},"end":{"line":79,"column":null}},"type":"binary-expr","locations":[{"start":{"line":79,"column":21},"end":{"line":79,"column":36}},{"start":{"line":79,"column":40},"end":{"line":79,"column":null}}],"line":79},"13":{"loc":{"start":{"line":86,"column":6},"end":{"line":87,"column":null}},"type":"if","locations":[{"start":{"line":86,"column":6},"end":{"line":87,"column":null}},{"start":{},"end":{}}],"line":86},"14":{"loc":{"start":{"line":95,"column":4},"end":{"line":95,"column":null}},"type":"if","locations":[{"start":{"line":95,"column":4},"end":{"line":95,"column":null}},{"start":{},"end":{}}],"line":95},"15":{"loc":{"start":{"line":98,"column":4},"end":{"line":102,"column":null}},"type":"if","locations":[{"start":{"line":98,"column":4},"end":{"line":102,"column":null}},{"start":{},"end":{}}],"line":98},"16":{"loc":{"start":{"line":100,"column":6},"end":{"line":102,"column":null}},"type":"if","locations":[{"start":{"line":100,"column":6},"end":{"line":102,"column":null}},{"start":{},"end":{}}],"line":100},"17":{"loc":{"start":{"line":111,"column":4},"end":{"line":119,"column":null}},"type":"if","locations":[{"start":{"line":111,"column":4},"end":{"line":119,"column":null}},{"start":{"line":114,"column":11},"end":{"line":119,"column":null}}],"line":111},"18":{"loc":{"start":{"line":116,"column":6},"end":{"line":119,"column":null}},"type":"if","locations":[{"start":{"line":116,"column":6},"end":{"line":119,"column":null}},{"start":{},"end":{}}],"line":116},"19":{"loc":{"start":{"line":124,"column":2},"end":{"line":128,"column":null}},"type":"if","locations":[{"start":{"line":124,"column":2},"end":{"line":128,"column":null}},{"start":{},"end":{}}],"line":124},"20":{"loc":{"start":{"line":124,"column":6},"end":{"line":124,"column":38}},"type":"binary-expr","locations":[{"start":{"line":124,"column":6},"end":{"line":124,"column":23}},{"start":{"line":124,"column":23},"end":{"line":124,"column":38}}],"line":124},"21":{"loc":{"start":{"line":132,"column":18},"end":{"line":132,"column":null}},"type":"binary-expr","locations":[{"start":{"line":132,"column":18},"end":{"line":132,"column":44}},{"start":{"line":132,"column":44},"end":{"line":132,"column":null}}],"line":132},"22":{"loc":{"start":{"line":151,"column":9},"end":{"line":206,"column":null}},"type":"cond-expr","locations":[{"start":{"line":152,"column":10},"end":{"line":155,"column":null}},{"start":{"line":155,"column":12},"end":{"line":206,"column":null}}],"line":151},"23":{"loc":{"start":{"line":155,"column":12},"end":{"line":206,"column":null}},"type":"cond-expr","locations":[{"start":{"line":156,"column":10},"end":{"line":158,"column":11}},{"start":{"line":158,"column":10},"end":{"line":206,"column":null}}],"line":155},"24":{"loc":{"start":{"line":162,"column":114},"end":{"line":162,"column":null}},"type":"cond-expr","locations":[{"start":{"line":162,"column":141},"end":{"line":162,"column":193}},{"start":{"line":162,"column":193},"end":{"line":162,"column":null}}],"line":162},"25":{"loc":{"start":{"line":163,"column":22},"end":{"line":163,"column":null}},"type":"cond-expr","locations":[{"start":{"line":163,"column":49},"end":{"line":163,"column":56}},{"start":{"line":163,"column":56},"end":{"line":163,"column":null}}],"line":163},"26":{"loc":{"start":{"line":168,"column":23},"end":{"line":169,"column":null}},"type":"binary-expr","locations":[{"start":{"line":168,"column":23},"end":{"line":168,"column":null}},{"start":{"line":169,"column":24},"end":{"line":169,"column":null}}],"line":168},"27":{"loc":{"start":{"line":174,"column":23},"end":{"line":176,"column":null}},"type":"binary-expr","locations":[{"start":{"line":174,"column":23},"end":{"line":174,"column":null}},{"start":{"line":175,"column":25},"end":{"line":176,"column":null}}],"line":174},"28":{"loc":{"start":{"line":184,"column":18},"end":{"line":200,"column":null}},"type":"binary-expr","locations":[{"start":{"line":184,"column":18},"end":{"line":184,"column":29}},{"start":{"line":184,"column":29},"end":{"line":184,"column":null}},{"start":{"line":185,"column":18},"end":{"line":200,"column":null}}],"line":184},"29":{"loc":{"start":{"line":193,"column":21},"end":{"line":200,"column":null}},"type":"binary-expr","locations":[{"start":{"line":193,"column":21},"end":{"line":193,"column":32}},{"start":{"line":193,"column":32},"end":{"line":193,"column":null}},{"start":{"line":194,"column":22},"end":{"line":200,"column":null}}],"line":193},"30":{"loc":{"start":{"line":210,"column":7},"end":{"line":286,"column":null}},"type":"binary-expr","locations":[{"start":{"line":210,"column":7},"end":{"line":210,"column":null}},{"start":{"line":211,"column":9},"end":{"line":286,"column":null}}],"line":210},"31":{"loc":{"start":{"line":236,"column":17},"end":{"line":274,"column":null}},"type":"binary-expr","locations":[{"start":{"line":236,"column":17},"end":{"line":236,"column":null}},{"start":{"line":237,"column":18},"end":{"line":274,"column":null}}],"line":236},"32":{"loc":{"start":{"line":244,"column":88},"end":{"line":244,"column":null}},"type":"cond-expr","locations":[{"start":{"line":244,"column":112},"end":{"line":244,"column":152}},{"start":{"line":244,"column":152},"end":{"line":244,"column":null}}],"line":244},"33":{"loc":{"start":{"line":251,"column":88},"end":{"line":251,"column":null}},"type":"cond-expr","locations":[{"start":{"line":251,"column":111},"end":{"line":251,"column":151}},{"start":{"line":251,"column":151},"end":{"line":251,"column":null}}],"line":251},"34":{"loc":{"start":{"line":269,"column":36},"end":{"line":269,"column":null}},"type":"binary-expr","locations":[{"start":{"line":269,"column":36},"end":{"line":269,"column":76}},{"start":{"line":269,"column":76},"end":{"line":269,"column":null}}],"line":269},"35":{"loc":{"start":{"line":282,"column":19},"end":{"line":282,"column":null}},"type":"cond-expr","locations":[{"start":{"line":282,"column":30},"end":{"line":282,"column":44}},{"start":{"line":282,"column":44},"end":{"line":282,"column":null}}],"line":282}},"s":{"0":0,"1":0,"2":0,"3":0,"4":0,"5":0,"6":0,"7":0,"8":0,"9":0,"10":0,"11":0,"12":0,"13":0,"14":0,"15":0,"16":0,"17":0,"18":0,"19":0,"20":0,"21":0,"22":0,"23":0,"24":0,"25":0,"26":0,"27":0,"28":0,"29":0,"30":0,"31":0,"32":0,"33":0,"34":0,"35":0,"36":0,"37":0,"38":0,"39":0,"40":0,"41":0,"42":0,"43":0,"44":0,"45":0,"46":0,"47":0,"48":0,"49":0,"50":0,"51":0,"52":0,"53":0,"54":0,"55":0,"56":0,"57":0,"58":0,"59":0,"60":0,"61":0,"62":0,"63":0,"64":0,"65":0,"66":0,"67":0,"68":0,"69":0,"70":0,"71":0,"72":0,"73":0,"74":0,"75":0,"76":0,"77":0,"78":0,"79":0,"80":0,"81":0,"82":0,"83":0,"84":0,"85":0,"86":0},"f":{"0":0,"1":0,"2":0,"3":0,"4":0,"5":0,"6":0,"7":0,"8":0,"9":0,"10":0,"11":0,"12":0,"13":0,"14":0,"15":0,"16":0,"17":0,"18":0,"19":0,"20":0,"21":0,"22":0},"b":{"0":[0,0],"1":[0,0],"2":[0,0],"3":[0,0],"4":[0,0],"5":[0,0],"6":[0,0],"7":[0,0],"8":[0,0],"9":[0,0],"10":[0,0],"11":[0,0],"12":[0,0],"13":[0,0],"14":[0,0],"15":[0,0],"16":[0,0],"17":[0,0],"18":[0,0],"19":[0,0],"20":[0,0],"21":[0,0],"22":[0,0],"23":[0,0],"24":[0,0],"25":[0,0],"26":[0,0],"27":[0,0],"28":[0,0,0],"29":[0,0,0],"30":[0,0],"31":[0,0],"32":[0,0],"33":[0,0],"34":[0,0],"35":[0,0]},"meta":{"lastBranch":36,"lastFunction":23,"lastStatement":87,"seen":{"f:8:24:8:46":0,"s:9:38:9:69":0,"s:10:8:10:32":1,"s:12:18:12:54":2,"s:13:20:13:50":3,"s:14:16:14:40":4,"s:16:24:16:73":5,"s:17:19:17:46":6,"s:18:19:18:71":7,"s:19:22:19:55":8,"s:20:19:20:49":9,"s:23:2:41:Infinity":10,"f:23:2:23:18":1,"f:24:19:24:40":2,"b:25:6:25:Infinity:undefined:undefined:undefined:undefined":0,"s:25:6:25:Infinity":11,"s:25:25:25:Infinity":12,"s:26:6:26:Infinity":13,"s:28:42:29:68":14,"b:31:6:35:Infinity:34:13:35:Infinity":1,"s:31:6:35:Infinity":15,"s:32:8:32:Infinity":16,"s:33:8:33:Infinity":17,"s:35:8:35:Infinity":18,"b:35:20:35:28:35:28:35:30":2,"s:37:6:37:Infinity":19,"s:40:4:40:Infinity":20,"s:43:8:48:Infinity":21,"f:43:8:43:26":3,"b:44:4:44:Infinity:undefined:undefined:undefined:undefined":3,"s:44:4:44:Infinity":22,"s:44:28:44:Infinity":23,"b:45:4:45:Infinity:undefined:undefined:undefined:undefined":4,"s:45:4:45:Infinity":24,"s:45:27:45:Infinity":25,"b:46:4:46:Infinity:undefined:undefined:undefined:undefined":5,"s:46:4:46:Infinity":26,"s:46:26:46:Infinity":27,"b:47:4:47:Infinity:undefined:undefined:undefined:undefined":6,"s:47:4:47:Infinity":28,"s:47:22:47:Infinity":29,"s:48:4:48:Infinity":30,"s:51:8:55:Infinity":31,"f:51:8:51:27":4,"s:52:4:52:Infinity":32,"s:53:4:53:Infinity":33,"b:53:16:53:38:53:38:53:41":7,"s:54:4:54:Infinity":34,"s:55:4:55:Infinity":35,"s:58:21:90:Infinity":36,"f:58:21:58:28":5,"s:59:4:59:Infinity":37,"b:60:4:60:Infinity:undefined:undefined:undefined:undefined":8,"s:60:4:60:Infinity":38,"s:60:24:60:Infinity":39,"s:62:4:62:Infinity":40,"s:63:35:70:33":41,"b:66:21:66:36:66:40:66:Infinity":9,"b:72:4:87:Infinity:75:11:87:Infinity":10,"s:72:4:87:Infinity":42,"s:73:6:73:Infinity":43,"s:74:6:74:Infinity":44,"s:77:6:82:Infinity":45,"f:77:6:77:17":6,"s:77:25:82:12":46,"f:77:30:77:34":7,"s:77:39:82:12":47,"b:77:67:82:10:82:10:82:12":11,"b:79:21:79:36:79:40:79:Infinity":12,"s:83:6:83:Infinity":48,"b:86:6:87:Infinity:undefined:undefined:undefined:undefined":13,"s:86:6:87:Infinity":49,"s:87:8:87:Infinity":50,"s:90:4:90:Infinity":51,"s:93:23:119:Infinity":52,"f:93:23:93:30":8,"s:94:25:94:117":53,"b:95:4:95:Infinity:undefined:undefined:undefined:undefined":14,"s:95:4:95:Infinity":54,"s:95:23:95:Infinity":55,"b:98:4:102:Infinity:undefined:undefined:undefined:undefined":15,"s:98:4:102:Infinity":56,"f:98:16:98:21":9,"s:98:26:98:44":57,"s:99:25:99:Infinity":58,"f:99:33:99:40":10,"s:99:45:99:56":59,"b:100:6:102:Infinity:undefined:undefined:undefined:undefined":16,"s:100:6:102:Infinity":60,"s:101:8:101:Infinity":61,"s:102:8:102:Infinity":62,"s:106:35:109:25":63,"b:111:4:119:Infinity:114:11:119:Infinity":17,"s:111:4:119:Infinity":64,"s:112:6:112:Infinity":65,"s:113:6:113:Infinity":66,"s:115:6:115:Infinity":67,"f:115:6:115:17":11,"s:115:25:115:60":68,"f:115:30:115:37":12,"s:115:42:115:60":69,"b:116:6:119:Infinity:undefined:undefined:undefined:undefined":18,"s:116:6:119:Infinity":70,"s:118:8:118:Infinity":71,"s:119:8:119:Infinity":72,"b:124:2:128:Infinity:undefined:undefined:undefined:undefined":19,"s:124:2:128:Infinity":73,"b:124:6:124:23:124:23:124:38":20,"s:125:4:128:Infinity":74,"s:132:18:132:Infinity":75,"b:132:18:132:44:132:44:132:Infinity":21,"s:134:2:286:Infinity":76,"f:139:10:139:25":13,"s:139:25:139:46":77,"b:152:10:155:Infinity:155:12:206:Infinity":22,"b:156:10:158:11:158:10:206:Infinity":23,"f:159:21:159:25":14,"s:160:14:204:Infinity":78,"b:162:141:162:193:162:193:162:Infinity":24,"b:163:49:163:56:163:56:163:Infinity":25,"b:168:23:168:Infinity:169:24:169:Infinity":26,"b:174:23:174:Infinity:175:25:176:Infinity":27,"b:184:18:184:29:184:29:184:Infinity:185:18:200:Infinity":28,"f:187:22:187:37":15,"s:187:37:187:60":79,"b:193:21:193:32:193:32:193:Infinity:194:22:200:Infinity":29,"f:195:24:195:39":16,"s:195:39:195:62":80,"b:210:7:210:Infinity:211:9:286:Infinity":30,"f:215:18:215:33":17,"s:215:33:215:55":81,"f:230:20:230:31":18,"s:230:37:230:64":82,"b:236:17:236:Infinity:237:18:274:Infinity":31,"f:243:26:243:41":19,"s:243:41:243:62":83,"b:244:112:244:152:244:152:244:Infinity":32,"f:250:26:250:41":20,"s:250:41:250:61":84,"b:251:111:251:151:251:151:251:Infinity":33,"f:268:26:268:37":21,"s:268:43:268:75":85,"b:269:36:269:76:269:76:269:Infinity":34,"f:269:84:269:91":22,"s:269:96:269:107":86,"b:282:30:282:44:282:44:282:Infinity":35}}}
,"C:\\Work\\HomeCastle\\BusyBees\\app\\src\\components\\MobileLayout.tsx": {"path":"C:\\Work\\HomeCastle\\BusyBees\\app\\src\\components\\MobileLayout.tsx","statementMap":{"0":{"start":{"line":5,"column":2},"end":{"line":63,"column":null}},"1":{"start":{"line":18,"column":14},"end":{"line":19,"column":null}},"2":{"start":{"line":24,"column":14},"end":{"line":27,"column":null}},"3":{"start":{"line":34,"column":14},"end":{"line":35,"column":null}},"4":{"start":{"line":40,"column":14},"end":{"line":43,"column":null}},"5":{"start":{"line":50,"column":14},"end":{"line":51,"column":null}},"6":{"start":{"line":56,"column":14},"end":{"line":59,"column":null}}},"fnMap":{"0":{"name":"MobileLayout","decl":{"start":{"line":4,"column":24},"end":{"line":4,"column":39}},"loc":{"start":{"line":4,"column":39},"end":{"line":63,"column":null}},"line":4},"1":{"name":"(anonymous_1)","decl":{"start":{"line":17,"column":12},"end":{"line":17,"column":24}},"loc":{"start":{"line":18,"column":14},"end":{"line":19,"column":null}},"line":18},"2":{"name":"(anonymous_2)","decl":{"start":{"line":23,"column":14},"end":{"line":23,"column":16}},"loc":{"start":{"line":24,"column":14},"end":{"line":27,"column":null}},"line":24},"3":{"name":"(anonymous_3)","decl":{"start":{"line":33,"column":12},"end":{"line":33,"column":24}},"loc":{"start":{"line":34,"column":14},"end":{"line":35,"column":null}},"line":34},"4":{"name":"(anonymous_4)","decl":{"start":{"line":39,"column":14},"end":{"line":39,"column":16}},"loc":{"start":{"line":40,"column":14},"end":{"line":43,"column":null}},"line":40},"5":{"name":"(anonymous_5)","decl":{"start":{"line":49,"column":12},"end":{"line":49,"column":24}},"loc":{"start":{"line":50,"column":14},"end":{"line":51,"column":null}},"line":50},"6":{"name":"(anonymous_6)","decl":{"start":{"line":55,"column":14},"end":{"line":55,"column":16}},"loc":{"start":{"line":56,"column":14},"end":{"line":59,"column":null}},"line":56}},"branchMap":{"0":{"loc":{"start":{"line":19,"column":16},"end":{"line":19,"column":null}},"type":"cond-expr","locations":[{"start":{"line":19,"column":27},"end":{"line":19,"column":63}},{"start":{"line":19,"column":63},"end":{"line":19,"column":null}}],"line":19},"1":{"loc":{"start":{"line":25,"column":83},"end":{"line":25,"column":129}},"type":"cond-expr","locations":[{"start":{"line":25,"column":94},"end":{"line":25,"column":121}},{"start":{"line":25,"column":121},"end":{"line":25,"column":129}}],"line":25},"2":{"loc":{"start":{"line":35,"column":16},"end":{"line":35,"column":null}},"type":"cond-expr","locations":[{"start":{"line":35,"column":27},"end":{"line":35,"column":63}},{"start":{"line":35,"column":63},"end":{"line":35,"column":null}}],"line":35},"3":{"loc":{"start":{"line":41,"column":85},"end":{"line":41,"column":131}},"type":"cond-expr","locations":[{"start":{"line":41,"column":96},"end":{"line":41,"column":123}},{"start":{"line":41,"column":123},"end":{"line":41,"column":131}}],"line":41},"4":{"loc":{"start":{"line":51,"column":16},"end":{"line":51,"column":null}},"type":"cond-expr","locations":[{"start":{"line":51,"column":27},"end":{"line":51,"column":63}},{"start":{"line":51,"column":63},"end":{"line":51,"column":null}}],"line":51},"5":{"loc":{"start":{"line":57,"column":87},"end":{"line":57,"column":133}},"type":"cond-expr","locations":[{"start":{"line":57,"column":98},"end":{"line":57,"column":125}},{"start":{"line":57,"column":125},"end":{"line":57,"column":133}}],"line":57}},"s":{"0":0,"1":0,"2":0,"3":0,"4":0,"5":0,"6":0},"f":{"0":0,"1":0,"2":0,"3":0,"4":0,"5":0,"6":0},"b":{"0":[0,0],"1":[0,0],"2":[0,0],"3":[0,0],"4":[0,0],"5":[0,0]},"meta":{"lastBranch":6,"lastFunction":7,"lastStatement":7,"seen":{"f:4:24:4:39":0,"s:5:2:63:Infinity":0,"f:17:12:17:24":1,"s:18:14:19:Infinity":1,"b:19:27:19:63:19:63:19:Infinity":0,"f:23:14:23:16":2,"s:24:14:27:Infinity":2,"b:25:94:25:121:25:121:25:129":1,"f:33:12:33:24":3,"s:34:14:35:Infinity":3,"b:35:27:35:63:35:63:35:Infinity":2,"f:39:14:39:16":4,"s:40:14:43:Infinity":4,"b:41:96:41:123:41:123:41:131":3,"f:49:12:49:24":5,"s:50:14:51:Infinity":5,"b:51:27:51:63:51:63:51:Infinity":4,"f:55:14:55:16":6,"s:56:14:59:Infinity":6,"b:57:98:57:125:57:125:57:133":5}}}
,"C:\\Work\\HomeCastle\\BusyBees\\app\\src\\components\\ShareFamilyCode.tsx": {"path":"C:\\Work\\HomeCastle\\BusyBees\\app\\src\\components\\ShareFamilyCode.tsx","statementMap":{"0":{"start":{"line":5,"column":24},"end":{"line":5,"column":52}},"1":{"start":{"line":6,"column":17},"end":{"line":6,"column":45}},"2":{"start":{"line":13,"column":2},"end":{"line":14,"column":null}},"3":{"start":{"line":14,"column":4},"end":{"line":14,"column":null}},"4":{"start":{"line":17,"column":26},"end":{"line":17,"column":null}},"5":{"start":{"line":19,"column":2},"end":{"line":20,"column":null}},"6":{"start":{"line":20,"column":4},"end":{"line":20,"column":null}},"7":{"start":{"line":23,"column":8},"end":{"line":26,"column":null}},"8":{"start":{"line":24,"column":4},"end":{"line":24,"column":null}},"9":{"start":{"line":25,"column":4},"end":{"line":25,"column":null}},"10":{"start":{"line":26,"column":4},"end":{"line":26,"column":null}},"11":{"start":{"line":26,"column":21},"end":{"line":26,"column":37}},"12":{"start":{"line":29,"column":2},"end":{"line":53,"column":null}}},"fnMap":{"0":{"name":"ShareFamilyCode","decl":{"start":{"line":4,"column":24},"end":{"line":4,"column":42}},"loc":{"start":{"line":4,"column":42},"end":{"line":53,"column":null}},"line":4},"1":{"name":"(anonymous_1)","decl":{"start":{"line":23,"column":8},"end":{"line":23,"column":27}},"loc":{"start":{"line":23,"column":27},"end":{"line":26,"column":null}},"line":23},"2":{"name":"(anonymous_2)","decl":{"start":{"line":26,"column":4},"end":{"line":26,"column":21}},"loc":{"start":{"line":26,"column":21},"end":{"line":26,"column":37}},"line":26}},"branchMap":{"0":{"loc":{"start":{"line":13,"column":2},"end":{"line":14,"column":null}},"type":"if","locations":[{"start":{"line":13,"column":2},"end":{"line":14,"column":null}},{"start":{},"end":{}}],"line":13},"1":{"loc":{"start":{"line":13,"column":6},"end":{"line":13,"column":48}},"type":"binary-expr","locations":[{"start":{"line":13,"column":6},"end":{"line":13,"column":23}},{"start":{"line":13,"column":23},"end":{"line":13,"column":48}}],"line":13},"2":{"loc":{"start":{"line":17,"column":26},"end":{"line":17,"column":null}},"type":"binary-expr","locations":[{"start":{"line":17,"column":26},"end":{"line":17,"column":61}},{"start":{"line":17,"column":61},"end":{"line":17,"column":null}}],"line":17},"3":{"loc":{"start":{"line":19,"column":2},"end":{"line":20,"column":null}},"type":"if","locations":[{"start":{"line":19,"column":2},"end":{"line":20,"column":null}},{"start":{},"end":{}}],"line":19},"4":{"loc":{"start":{"line":24,"column":34},"end":{"line":24,"column":63}},"type":"binary-expr","locations":[{"start":{"line":24,"column":34},"end":{"line":24,"column":60}},{"start":{"line":24,"column":60},"end":{"line":24,"column":63}}],"line":24},"5":{"loc":{"start":{"line":47,"column":12},"end":{"line":49,"column":null}},"type":"cond-expr","locations":[{"start":{"line":48,"column":16},"end":{"line":48,"column":null}},{"start":{"line":49,"column":16},"end":{"line":49,"column":null}}],"line":47},"6":{"loc":{"start":{"line":52,"column":11},"end":{"line":52,"column":null}},"type":"cond-expr","locations":[{"start":{"line":52,"column":20},"end":{"line":52,"column":32}},{"start":{"line":52,"column":32},"end":{"line":52,"column":null}}],"line":52}},"s":{"0":0,"1":0,"2":0,"3":0,"4":0,"5":0,"6":0,"7":0,"8":0,"9":0,"10":0,"11":0,"12":0},"f":{"0":0,"1":0,"2":0},"b":{"0":[0,0],"1":[0,0],"2":[0,0],"3":[0,0],"4":[0,0],"5":[0,0],"6":[0,0]},"meta":{"lastBranch":7,"lastFunction":3,"lastStatement":13,"seen":{"f:4:24:4:42":0,"s:5:24:5:52":0,"s:6:17:6:45":1,"b:13:2:14:Infinity:undefined:undefined:undefined:undefined":0,"s:13:2:14:Infinity":2,"b:13:6:13:23:13:23:13:48":1,"s:14:4:14:Infinity":3,"s:17:26:17:Infinity":4,"b:17:26:17:61:17:61:17:Infinity":2,"b:19:2:20:Infinity:undefined:undefined:undefined:undefined":3,"s:19:2:20:Infinity":5,"s:20:4:20:Infinity":6,"s:23:8:26:Infinity":7,"f:23:8:23:27":1,"s:24:4:24:Infinity":8,"b:24:34:24:60:24:60:24:63":4,"s:25:4:25:Infinity":9,"s:26:4:26:Infinity":10,"f:26:4:26:21":2,"s:26:21:26:37":11,"s:29:2:53:Infinity":12,"b:48:16:48:Infinity:49:16:49:Infinity":5,"b:52:20:52:32:52:32:52:Infinity":6}}}
,"C:\\Work\\HomeCastle\\BusyBees\\app\\src\\contexts\\FamilyContext.tsx": {"path":"C:\\Work\\HomeCastle\\BusyBees\\app\\src\\contexts\\FamilyContext.tsx","statementMap":{"0":{"start":{"line":33,"column":6},"end":{"line":33,"column":77}},"1":{"start":{"line":36,"column":30},"end":{"line":36,"column":55}},"2":{"start":{"line":38,"column":26},"end":{"line":38,"column":70}},"3":{"start":{"line":39,"column":28},"end":{"line":39,"column":66}},"4":{"start":{"line":42,"column":25},"end":{"line":45,"column":null}},"5":{"start":{"line":43,"column":18},"end":{"line":43,"column":67}},"6":{"start":{"line":44,"column":4},"end":{"line":44,"column":null}},"7":{"start":{"line":47,"column":8},"end":{"line":49,"column":null}},"8":{"start":{"line":48,"column":4},"end":{"line":48,"column":null}},"9":{"start":{"line":49,"column":4},"end":{"line":49,"column":null}},"10":{"start":{"line":52,"column":24},"end":{"line":85,"column":null}},"11":{"start":{"line":53,"column":4},"end":{"line":56,"column":null}},"12":{"start":{"line":54,"column":6},"end":{"line":54,"column":null}},"13":{"start":{"line":55,"column":6},"end":{"line":55,"column":null}},"14":{"start":{"line":56,"column":6},"end":{"line":56,"column":null}},"15":{"start":{"line":59,"column":4},"end":{"line":59,"column":null}},"16":{"start":{"line":60,"column":28},"end":{"line":64,"column":35}},"17":{"start":{"line":66,"column":4},"end":{"line":81,"column":null}},"18":{"start":{"line":67,"column":6},"end":{"line":67,"column":null}},"19":{"start":{"line":68,"column":6},"end":{"line":68,"column":null}},"20":{"start":{"line":70,"column":27},"end":{"line":70,"column":37}},"21":{"start":{"line":71,"column":6},"end":{"line":71,"column":null}},"22":{"start":{"line":74,"column":6},"end":{"line":81,"column":null}},"23":{"start":{"line":75,"column":9},"end":{"line":75,"column":null}},"24":{"start":{"line":76,"column":17},"end":{"line":81,"column":null}},"25":{"start":{"line":78,"column":29},"end":{"line":78,"column":82}},"26":{"start":{"line":78,"column":51},"end":{"line":78,"column":82}},"27":{"start":{"line":79,"column":9},"end":{"line":81,"column":null}},"28":{"start":{"line":80,"column":12},"end":{"line":80,"column":null}},"29":{"start":{"line":81,"column":12},"end":{"line":81,"column":null}},"30":{"start":{"line":85,"column":4},"end":{"line":85,"column":null}},"31":{"start":{"line":88,"column":2},"end":{"line":92,"column":null}},"32":{"start":{"line":89,"column":4},"end":{"line":90,"column":null}},"33":{"start":{"line":90,"column":7},"end":{"line":90,"column":null}},"34":{"start":{"line":94,"column":23},"end":{"line":94,"column":null}},"35":{"start":{"line":94,"column":49},"end":{"line":94,"column":80}},"36":{"start":{"line":95,"column":23},"end":{"line":95,"column":null}},"37":{"start":{"line":97,"column":2},"end":{"line":107,"column":null}},"38":{"start":{"line":112,"column":8},"end":{"line":112,"column":43}},"39":{"start":{"line":113,"column":2},"end":{"line":114,"column":null}},"40":{"start":{"line":114,"column":4},"end":{"line":114,"column":null}},"41":{"start":{"line":116,"column":2},"end":{"line":116,"column":null}}},"fnMap":{"0":{"name":"FamilyProvider","decl":{"start":{"line":35,"column":16},"end":{"line":35,"column":31}},"loc":{"start":{"line":35,"column":70},"end":{"line":107,"column":null}},"line":35},"1":{"name":"(anonymous_1)","decl":{"start":{"line":42,"column":47},"end":{"line":42,"column":77}},"loc":{"start":{"line":42,"column":77},"end":{"line":45,"column":null}},"line":42},"2":{"name":"(anonymous_2)","decl":{"start":{"line":47,"column":8},"end":{"line":47,"column":29}},"loc":{"start":{"line":47,"column":44},"end":{"line":49,"column":null}},"line":47},"3":{"name":"(anonymous_3)","decl":{"start":{"line":52,"column":24},"end":{"line":52,"column":36}},"loc":{"start":{"line":52,"column":36},"end":{"line":85,"column":null}},"line":52},"4":{"name":"(anonymous_4)","decl":{"start":{"line":78,"column":41},"end":{"line":78,"column":46}},"loc":{"start":{"line":78,"column":51},"end":{"line":78,"column":82}},"line":78},"5":{"name":"(anonymous_5)","decl":{"start":{"line":88,"column":2},"end":{"line":88,"column":18}},"loc":{"start":{"line":88,"column":18},"end":{"line":92,"column":6}},"line":88},"6":{"name":"(anonymous_6)","decl":{"start":{"line":94,"column":39},"end":{"line":94,"column":44}},"loc":{"start":{"line":94,"column":49},"end":{"line":94,"column":80}},"line":94},"7":{"name":"useFamily","decl":{"start":{"line":111,"column":16},"end":{"line":111,"column":28}},"loc":{"start":{"line":111,"column":28},"end":{"line":116,"column":null}},"line":111}},"branchMap":{"0":{"loc":{"start":{"line":44,"column":11},"end":{"line":44,"column":null}},"type":"cond-expr","locations":[{"start":{"line":44,"column":19},"end":{"line":44,"column":38}},{"start":{"line":44,"column":41},"end":{"line":44,"column":null}}],"line":44},"1":{"loc":{"start":{"line":53,"column":4},"end":{"line":56,"column":null}},"type":"if","locations":[{"start":{"line":53,"column":4},"end":{"line":56,"column":null}},{"start":{},"end":{}}],"line":53},"2":{"loc":{"start":{"line":66,"column":4},"end":{"line":81,"column":null}},"type":"if","locations":[{"start":{"line":66,"column":4},"end":{"line":81,"column":null}},{"start":{"line":69,"column":11},"end":{"line":81,"column":null}}],"line":66},"3":{"loc":{"start":{"line":70,"column":27},"end":{"line":70,"column":37}},"type":"binary-expr","locations":[{"start":{"line":70,"column":27},"end":{"line":70,"column":35}},{"start":{"line":70,"column":35},"end":{"line":70,"column":37}}],"line":70},"4":{"loc":{"start":{"line":74,"column":6},"end":{"line":81,"column":null}},"type":"if","locations":[{"start":{"line":74,"column":6},"end":{"line":81,"column":null}},{"start":{"line":76,"column":17},"end":{"line":81,"column":null}}],"line":74},"5":{"loc":{"start":{"line":74,"column":10},"end":{"line":74,"column":63}},"type":"binary-expr","locations":[{"start":{"line":74,"column":10},"end":{"line":74,"column":38}},{"start":{"line":74,"column":38},"end":{"line":74,"column":63}}],"line":74},"6":{"loc":{"start":{"line":76,"column":17},"end":{"line":81,"column":null}},"type":"if","locations":[{"start":{"line":76,"column":17},"end":{"line":81,"column":null}},{"start":{},"end":{}}],"line":76},"7":{"loc":{"start":{"line":76,"column":17},"end":{"line":76,"column":59}},"type":"binary-expr","locations":[{"start":{"line":76,"column":17},"end":{"line":76,"column":43}},{"start":{"line":76,"column":43},"end":{"line":76,"column":59}}],"line":76},"8":{"loc":{"start":{"line":79,"column":9},"end":{"line":81,"column":null}},"type":"if","locations":[{"start":{"line":79,"column":9},"end":{"line":81,"column":null}},{"start":{},"end":{}}],"line":79},"9":{"loc":{"start":{"line":89,"column":4},"end":{"line":90,"column":null}},"type":"if","locations":[{"start":{"line":89,"column":4},"end":{"line":90,"column":null}},{"start":{},"end":{}}],"line":89},"10":{"loc":{"start":{"line":94,"column":23},"end":{"line":94,"column":null}},"type":"binary-expr","locations":[{"start":{"line":94,"column":23},"end":{"line":94,"column":80}},{"start":{"line":94,"column":84},"end":{"line":94,"column":null}}],"line":94},"11":{"loc":{"start":{"line":95,"column":23},"end":{"line":95,"column":null}},"type":"binary-expr","locations":[{"start":{"line":95,"column":23},"end":{"line":95,"column":49}},{"start":{"line":95,"column":49},"end":{"line":95,"column":null}}],"line":95},"12":{"loc":{"start":{"line":113,"column":2},"end":{"line":114,"column":null}},"type":"if","locations":[{"start":{"line":113,"column":2},"end":{"line":114,"column":null}},{"start":{},"end":{}}],"line":113}},"s":{"0":1,"1":0,"2":0,"3":0,"4":0,"5":0,"6":0,"7":0,"8":0,"9":0,"10":0,"11":0,"12":0,"13":0,"14":0,"15":0,"16":0,"17":0,"18":0,"19":0,"20":0,"21":0,"22":0,"23":0,"24":0,"25":0,"26":0,"27":0,"28":0,"29":0,"30":0,"31":0,"32":0,"33":0,"34":0,"35":0,"36":0,"37":0,"38":0,"39":0,"40":0,"41":0},"f":{"0":0,"1":0,"2":0,"3":0,"4":0,"5":0,"6":0,"7":0},"b":{"0":[0,0],"1":[0,0],"2":[0,0],"3":[0,0],"4":[0,0],"5":[0,0],"6":[0,0],"7":[0,0],"8":[0,0],"9":[0,0],"10":[0,0],"11":[0,0],"12":[0,0]},"meta":{"lastBranch":13,"lastFunction":8,"lastStatement":42,"seen":{"s:33:6:33:77":0,"f:35:16:35:31":0,"s:36:30:36:55":1,"s:38:26:38:70":2,"s:39:28:39:66":3,"s:42:25:45:Infinity":4,"f:42:47:42:77":1,"s:43:18:43:67":5,"s:44:4:44:Infinity":6,"b:44:19:44:38:44:41:44:Infinity":0,"s:47:8:49:Infinity":7,"f:47:8:47:29":2,"s:48:4:48:Infinity":8,"s:49:4:49:Infinity":9,"s:52:24:85:Infinity":10,"f:52:24:52:36":3,"b:53:4:56:Infinity:undefined:undefined:undefined:undefined":1,"s:53:4:56:Infinity":11,"s:54:6:54:Infinity":12,"s:55:6:55:Infinity":13,"s:56:6:56:Infinity":14,"s:59:4:59:Infinity":15,"s:60:28:64:35":16,"b:66:4:81:Infinity:69:11:81:Infinity":2,"s:66:4:81:Infinity":17,"s:67:6:67:Infinity":18,"s:68:6:68:Infinity":19,"s:70:27:70:37":20,"b:70:27:70:35:70:35:70:37":3,"s:71:6:71:Infinity":21,"b:74:6:81:Infinity:76:17:81:Infinity":4,"s:74:6:81:Infinity":22,"b:74:10:74:38:74:38:74:63":5,"s:75:9:75:Infinity":23,"b:76:17:81:Infinity:undefined:undefined:undefined:undefined":6,"s:76:17:81:Infinity":24,"b:76:17:76:43:76:43:76:59":7,"s:78:29:78:82":25,"f:78:41:78:46":4,"s:78:51:78:82":26,"b:79:9:81:Infinity:undefined:undefined:undefined:undefined":8,"s:79:9:81:Infinity":27,"s:80:12:80:Infinity":28,"s:81:12:81:Infinity":29,"s:85:4:85:Infinity":30,"s:88:2:92:Infinity":31,"f:88:2:88:18":5,"b:89:4:90:Infinity:undefined:undefined:undefined:undefined":9,"s:89:4:90:Infinity":32,"s:90:7:90:Infinity":33,"s:94:23:94:Infinity":34,"b:94:23:94:80:94:84:94:Infinity":10,"f:94:39:94:44":6,"s:94:49:94:80":35,"s:95:23:95:Infinity":36,"b:95:23:95:49:95:49:95:Infinity":11,"s:97:2:107:Infinity":37,"f:111:16:111:28":7,"s:112:8:112:43":38,"b:113:2:114:Infinity:undefined:undefined:undefined:undefined":12,"s:113:2:114:Infinity":39,"s:114:4:114:Infinity":40,"s:116:2:116:Infinity":41}}}
,"C:\\Work\\HomeCastle\\BusyBees\\app\\src\\lib\\supabase.ts": {"path":"C:\\Work\\HomeCastle\\BusyBees\\app\\src\\lib\\supabase.ts","statementMap":{"0":{"start":{"line":3,"column":20},"end":{"line":3,"column":null}},"1":{"start":{"line":4,"column":24},"end":{"line":4,"column":null}},"2":{"start":{"line":6,"column":0},"end":{"line":7,"column":null}},"3":{"start":{"line":7,"column":2},"end":{"line":7,"column":null}},"4":{"start":{"line":10,"column":13},"end":{"line":10,"column":66}}},"fnMap":{},"branchMap":{"0":{"loc":{"start":{"line":3,"column":20},"end":{"line":3,"column":null}},"type":"binary-expr","locations":[{"start":{"line":3,"column":20},"end":{"line":3,"column":57}},{"start":{"line":3,"column":57},"end":{"line":3,"column":null}}],"line":3},"1":{"loc":{"start":{"line":4,"column":24},"end":{"line":4,"column":null}},"type":"binary-expr","locations":[{"start":{"line":4,"column":24},"end":{"line":4,"column":66}},{"start":{"line":4,"column":66},"end":{"line":4,"column":null}}],"line":4},"2":{"loc":{"start":{"line":6,"column":0},"end":{"line":7,"column":null}},"type":"if","locations":[{"start":{"line":6,"column":0},"end":{"line":7,"column":null}},{"start":{},"end":{}}],"line":6},"3":{"loc":{"start":{"line":6,"column":4},"end":{"line":6,"column":38}},"type":"binary-expr","locations":[{"start":{"line":6,"column":4},"end":{"line":6,"column":20}},{"start":{"line":6,"column":20},"end":{"line":6,"column":38}}],"line":6}},"s":{"0":1,"1":1,"2":1,"3":0,"4":1},"f":{},"b":{"0":[1,0],"1":[1,0],"2":[0,1],"3":[1,1]},"meta":{"lastBranch":4,"lastFunction":0,"lastStatement":5,"seen":{"s:3:20:3:Infinity":0,"b:3:20:3:57:3:57:3:Infinity":0,"s:4:24:4:Infinity":1,"b:4:24:4:66:4:66:4:Infinity":1,"b:6:0:7:Infinity:undefined:undefined:undefined:undefined":2,"s:6:0:7:Infinity":2,"b:6:4:6:20:6:20:6:38":3,"s:7:2:7:Infinity":3,"s:10:13:10:66":4}}}
}
